---------------------------------------
Begin Slurm Prolog: Aug-09-2025 11:52:37
Job ID:    6732605
User ID:   xchen920
Account:   gts-apm7
Job name:  channel_trans
Partition: gpu-v100
QOS:       inferno
---------------------------------------
== Job info ==
Sat Aug  9 11:52:37 AM EDT 2025
atl1-1-01-003-35-0.pace.gatech.edu
/usr/local/pace-apps/lmod/lmod/init/bash: line 200: conda: command not found
== GPU check ==
Sat Aug  9 11:52:47 2025       
+-----------------------------------------------------------------------------------------+
| NVIDIA-SMI 575.57.08              Driver Version: 575.57.08      CUDA Version: 12.9     |
|-----------------------------------------+------------------------+----------------------+
| GPU  Name                 Persistence-M | Bus-Id          Disp.A | Volatile Uncorr. ECC |
| Fan  Temp   Perf          Pwr:Usage/Cap |           Memory-Usage | GPU-Util  Compute M. |
|                                         |                        |               MIG M. |
|=========================================+========================+======================|
|   0  Tesla V100-PCIE-16GB           On  |   00000000:AF:00.0 Off |                    0 |
| N/A   43C    P0             26W /  250W |       0MiB /  16384MiB |      0%      Default |
|                                         |                        |                  N/A |
+-----------------------------------------+------------------------+----------------------+
                                                                                         
+-----------------------------------------------------------------------------------------+
| Processes:                                                                              |
|  GPU   GI   CI              PID   Type   Process name                        GPU Memory |
|        ID   ID                                                               Usage      |
|=========================================================================================|
|  No running processes found                                                             |
+-----------------------------------------------------------------------------------------+
== Launch ==

A module that was compiled using NumPy 1.x cannot be run in
NumPy 2.0.1 as it may crash. To support both 1.x and 2.x
versions of NumPy, modules must be compiled with NumPy 2.0.
Some module may need to rebuild instead e.g. with 'pybind11>=2.12'.

If you are a user of the module, the easiest solution will be to
downgrade to 'numpy<2' or try to upgrade the affected module.
We expect that some modules will need time to support NumPy 2.

Traceback (most recent call last):  File "/storage/scratch1/4/xchen920/project/train_validate.py", line 1, in <module>
    import torch
  File "/storage/home/hcoda1/4/xchen920/.conda/envs/torch_legacy/lib/python3.9/site-packages/torch/__init__.py", line 870, in <module>
    from . import _masked
  File "/storage/home/hcoda1/4/xchen920/.conda/envs/torch_legacy/lib/python3.9/site-packages/torch/_masked/__init__.py", line 420, in <module>
    def sum(input: Tensor,
  File "/storage/home/hcoda1/4/xchen920/.conda/envs/torch_legacy/lib/python3.9/site-packages/torch/_masked/__init__.py", line 223, in _apply_docstring_templates
    example_input = torch.tensor([[-3, -2, -1], [0, 1, 2]])
/storage/home/hcoda1/4/xchen920/.conda/envs/torch_legacy/lib/python3.9/site-packages/torch/_masked/__init__.py:223: UserWarning: Failed to initialize NumPy: _ARRAY_API not found (Triggered internally at  /opt/conda/conda-bld/pytorch_1646756402876/work/torch/csrc/utils/tensor_numpy.cpp:68.)
  example_input = torch.tensor([[-3, -2, -1], [0, 1, 2]])
Traceback (most recent call last):
  File "/storage/scratch1/4/xchen920/project/train_validate.py", line 4, in <module>
    import pandas as pd
ModuleNotFoundError: No module named 'pandas'
srun: error: atl1-1-01-003-35-0: task 0: Exited with exit code 1
---------------------------------------
Begin Slurm Epilog: Aug-09-2025 11:53:26
Job ID:        6732605
User ID:       xchen920
Account:       gts-apm7
Job name:      channel_trans
Resources:     cpu=4,gres/gpu:v100=1,mem=16G,node=1
Rsrc Used:     cput=00:03:12,vmem=0,walltime=00:00:48,mem=104812K,energy_used=0
Partition:     gpu-v100
QOS:           inferno
Nodes:         atl1-1-01-003-35-0
---------------------------------------
