---------------------------------------
Begin Slurm Prolog: Aug-13-2025 14:44:28
Job ID:    7012999
User ID:   xchen920
Account:   gts-apm7
Job name:  channel_trans
Partition: gpu-v100
QOS:       inferno
---------------------------------------
== Job info ==
Wed Aug 13 02:44:28 PM EDT 2025
atl1-1-02-005-29-0.pace.gatech.edu
== GPU check ==
Wed Aug 13 14:44:34 2025       
+-----------------------------------------------------------------------------------------+
| NVIDIA-SMI 575.57.08              Driver Version: 575.57.08      CUDA Version: 12.9     |
|-----------------------------------------+------------------------+----------------------+
| GPU  Name                 Persistence-M | Bus-Id          Disp.A | Volatile Uncorr. ECC |
| Fan  Temp   Perf          Pwr:Usage/Cap |           Memory-Usage | GPU-Util  Compute M. |
|                                         |                        |               MIG M. |
|=========================================+========================+======================|
|   0  Tesla V100-PCIE-16GB           On  |   00000000:AF:00.0 Off |                    0 |
| N/A   42C    P0             26W /  250W |       0MiB /  16384MiB |      0%      Default |
|                                         |                        |                  N/A |
+-----------------------------------------+------------------------+----------------------+
                                                                                         
+-----------------------------------------------------------------------------------------+
| Processes:                                                                              |
|  GPU   GI   CI              PID   Type   Process name                        GPU Memory |
|        ID   ID                                                               Usage      |
|=========================================================================================|
|  No running processes found                                                             |
+-----------------------------------------------------------------------------------------+
== Launch ==
/storage/scratch1/4/xchen920/project
0.10.0
device= cuda:0
  0%|          | 0/135842 [00:00<?, ?it/s] 12%|█▏        | 16833/135842 [00:00<00:01, 106430.38it/s] 28%|██▊       | 38572/135842 [00:00<00:00, 159087.35it/s] 41%|████      | 55742/135842 [00:00<00:00, 121483.35it/s] 51%|█████     | 69380/135842 [00:00<00:00, 94950.62it/s]  66%|██████▌   | 89479/135842 [00:00<00:00, 120796.20it/s] 79%|███████▉  | 107138/135842 [00:01<00:00, 91236.00it/s] 92%|█████████▏| 125577/135842 [00:01<00:00, 109804.63it/s]100%|██████████| 135842/135842 [00:01<00:00, 112762.72it/s]
  0%|          | 0/108673 [00:00<?, ?it/s] 16%|█▌        | 17403/108673 [00:00<00:01, 47907.83it/s] 33%|███▎      | 35733/108673 [00:00<00:00, 86122.39it/s] 50%|████▉     | 54016/108673 [00:00<00:00, 113907.88it/s] 67%|██████▋   | 72356/108673 [00:00<00:00, 134129.84it/s] 82%|████████▏ | 88843/108673 [00:01<00:00, 72014.70it/s]  99%|█████████▊| 107237/108673 [00:01<00:00, 91517.53it/s]100%|██████████| 108673/108673 [00:01<00:00, 89960.76it/s]
  0%|          | 0/27169 [00:00<?, ?it/s] 66%|██████▌   | 17967/27169 [00:00<00:00, 179660.32it/s]100%|██████████| 27169/27169 [00:00<00:00, 181535.99it/s]
tensor([  3,   5,  93,  13,  10,  15, 231,  35, 399,   7, 473,  22, 413,   7,
        319,  65,   5,  10,  25,  32, 968,   4,   2,   1,   1,   1,   1,   1,
          1,   1,   1,   1,   1,   1,   1,   1,   1,   1,   1,   1,   1,   1,
          1,   1,   1,   1,   1,   1,   1,   1,   1,   1])
torch.Size([52, 128]) torch.Size([52, 128])
++++++++++++++++ 213
len(train_dataloader): 850
torch.Size([128, 52]) torch.Size([128, 52])
tensor([    3,    59,    17,  1727,   224,   802,  4782,    89,   206,    90,
         1141, 10126,     7,    18,  1270,   303,    12,     6,   105,     4,
            2,     1,     1,     1,     1,     1,     1,     1,     1,     1,
            1,     1,     1,     1,     1,     1,     1,     1,     1,     1,
            1,     1,     1,     1,     1,     1,     1,     1,     1,     1,
            1,     1]) torch.int64
tensor([   3,   67,    6,  150,  236, 2130, 1430,   10,  123,   32, 1125,   60,
          23,    8, 1150,   13,  515,    4,    2,    1,    1,    1,    1,    1,
           1,    1,    1,    1,    1,    1,    1,    1,    1,    1,    1,    1,
           1,    1,    1,    1,    1,    1,    1,    1,    1,    1,    1,    1,
           1,    1,    1,    1]) torch.int64
checkpoint: project2_model.pt
Loading model ...
Model loaded ...
real target: 	i m taking a couple of days off .
pred_sentence: <start> i m going to go to the bank .
input: je pars en vacances pour quelques jours .
target: i m taking a couple of days off .
pred: <start> i m going to be a teacher .

input: je ne me panique pas .
target: i m not panicking .
pred: <start> i m not a doctor .

input: je recherche un assistant .
target: i am looking for an assistant .
pred: <start> i love that car .

input: je suis loin de chez moi .
target: i m a long way from home .
pred: <start> i was happy .

input: vous etes en retard .
target: you re very late .
pred: <start> are you finished ?

input: j ai soif .
target: i am thirsty .
pred: <start> i m a doctor .

input: je suis fou de vous .
target: i m crazy about you .
pred: <start> i ll get you .

input: vous etes vilain .
target: you are naughty .
pred: <start> you re very funny .

input: il est vieux et laid .
target: he s old and ugly .
pred: <start> he s a very nice girl .

input: je suis terrifiee .
target: i m terrified .
pred: <start> i m going to be a teacher .

input: je n ai pas assez de memoire vive .
target: i don t have enough ram .
pred: <start> i m not sure i m ready .

input: il faut d urgence comprendre comment les changements climatiques affecteront nos vies .
target: there is an urgent need for understanding how climate change will affect our lives .
pred: <start> he s always complaining about something .

input: je pars en vacances pour quelques jours .
target: i m taking a couple of days off .
attention_weights: dict_keys(['decoder_layer1_block1', 'decoder_layer1_block2', 'decoder_layer2_block1', 'decoder_layer2_block2', 'decoder_layer3_block1', 'decoder_layer3_block2', 'decoder_layer4_block1', 'decoder_layer4_block2', 'decoder_layer5_block1', 'decoder_layer5_block2', 'decoder_layer6_block1', 'decoder_layer6_block2'])
pred: <start> i m going to be a teacher .

[Corpus BLEU-4] 11.67
src: je pars en vacances pour quelques jours .
ref: i m taking a couple of days off .
BLEU-4: 21.16

src: je ne me panique pas .
ref: i m not panicking .
BLEU-4: 36.56

src: je recherche un assistant .
ref: i am looking for an assistant .
BLEU-4: 20.25

src: je suis loin de chez moi .
ref: i m a long way from home .
BLEU-4: 19.15

src: vous etes en retard .
ref: you re very late .
BLEU-4: 53.73

src: j ai soif .
ref: i am thirsty .
BLEU-4: 30.21

src: je suis fou de vous .
ref: i m crazy about you .
BLEU-4: 31.24

src: vous etes vilain .
ref: you are naughty .
BLEU-4: 30.21

src: il est vieux et laid .
ref: he s old and ugly .
BLEU-4: 26.27

src: je suis terrifiee .
ref: i m terrified .
BLEU-4: 22.68

== Done ==
Wed Aug 13 02:46:57 PM EDT 2025
---------------------------------------
Begin Slurm Epilog: Aug-13-2025 14:46:59
Job ID:        7012999
User ID:       xchen920
Account:       gts-apm7
Job name:      channel_trans
Resources:     cpu=4,gres/gpu:v100=1,mem=16G,node=1
Rsrc Used:     cput=00:10:24,vmem=0,walltime=00:02:36,mem=34960K,energy_used=0
Partition:     gpu-v100
QOS:           inferno
Nodes:         atl1-1-02-005-29-0
---------------------------------------
