---------------------------------------
Begin Slurm Prolog: Aug-12-2025 23:53:58
Job ID:    6985456
User ID:   xchen920
Account:   gts-apm7
Job name:  channel_trans
Partition: gpu-v100
QOS:       inferno
---------------------------------------
== Job info ==
Tue Aug 12 11:53:58 PM EDT 2025
atl1-1-02-008-32-0.pace.gatech.edu
== GPU check ==
Tue Aug 12 23:54:04 2025       
+-----------------------------------------------------------------------------------------+
| NVIDIA-SMI 575.57.08              Driver Version: 575.57.08      CUDA Version: 12.9     |
|-----------------------------------------+------------------------+----------------------+
| GPU  Name                 Persistence-M | Bus-Id          Disp.A | Volatile Uncorr. ECC |
| Fan  Temp   Perf          Pwr:Usage/Cap |           Memory-Usage | GPU-Util  Compute M. |
|                                         |                        |               MIG M. |
|=========================================+========================+======================|
|   0  Tesla V100-PCIE-16GB           On  |   00000000:AF:00.0 Off |                    0 |
| N/A   44C    P0             26W /  250W |       0MiB /  16384MiB |      0%      Default |
|                                         |                        |                  N/A |
+-----------------------------------------+------------------------+----------------------+
                                                                                         
+-----------------------------------------------------------------------------------------+
| Processes:                                                                              |
|  GPU   GI   CI              PID   Type   Process name                        GPU Memory |
|        ID   ID                                                               Usage      |
|=========================================================================================|
|  No running processes found                                                             |
+-----------------------------------------------------------------------------------------+
== Launch ==
/storage/scratch1/4/xchen920/project
0.10.0
device= cuda:0
  0%|          | 0/135842 [00:00<?, ?it/s] 12%|█▏        | 16831/135842 [00:00<00:01, 97208.05it/s] 28%|██▊       | 38539/135842 [00:00<00:00, 151395.81it/s] 41%|████      | 55311/135842 [00:00<00:00, 117965.77it/s] 51%|█████     | 69378/135842 [00:00<00:00, 93807.52it/s]  66%|██████▌   | 89436/135842 [00:00<00:00, 119532.38it/s] 79%|███████▉  | 107136/135842 [00:01<00:00, 90633.18it/s] 92%|█████████▏| 125437/135842 [00:01<00:00, 108926.37it/s]100%|██████████| 135842/135842 [00:01<00:00, 111088.36it/s]
  0%|          | 0/108673 [00:00<?, ?it/s] 16%|█▌        | 17395/108673 [00:00<00:01, 47574.62it/s] 33%|███▎      | 35600/108673 [00:00<00:00, 85353.23it/s] 49%|████▉     | 53728/108673 [00:00<00:00, 112824.29it/s] 66%|██████▌   | 71917/108673 [00:00<00:00, 132873.21it/s] 81%|████████  | 88273/108673 [00:01<00:00, 71410.53it/s]  98%|█████████▊| 106337/108673 [00:01<00:00, 90427.05it/s]100%|██████████| 108673/108673 [00:01<00:00, 89435.89it/s]
  0%|          | 0/27169 [00:00<?, ?it/s] 66%|██████▌   | 17836/27169 [00:00<00:00, 178348.26it/s]100%|██████████| 27169/27169 [00:00<00:00, 180292.64it/s]
tensor([    3,    12,   801,   194,   773,    97,   222,     7, 10960,    33,
          807,    14,  2339,    35,    98,    91,   163,   164,     4,     2,
            1,     1,     1,     1,     1,     1,     1,     1,     1,     1,
            1,     1,     1,     1,     1,     1,     1,     1,     1,     1,
            1,     1,     1,     1,     1,     1,     1,     1,     1,     1,
            1,     1])
torch.Size([52, 128]) torch.Size([52, 128])
++++++++++++++++ 213
len(train_dataloader): 850
torch.Size([128, 52]) torch.Size([128, 52])
tensor([   3,   14, 1540,   26,   22,  202, 2988,   40,   20,   35,   12,   11,
         499,   13,   40,   20,   35,   12, 1192,    4,    2,    1,    1,    1,
           1,    1,    1,    1,    1,    1,    1,    1,    1,    1,    1,    1,
           1,    1,    1,    1,    1,    1,    1,    1,    1,    1,    1,    1,
           1,    1,    1,    1]) torch.int64
tensor([   3,   10,  179,   16,  702, 1399,   21,   26,   14,   12,  604,  107,
          26,   14,   73,    4,    2,    1,    1,    1,    1,    1,    1,    1,
           1,    1,    1,    1,    1,    1,    1,    1,    1,    1,    1,    1,
           1,    1,    1,    1,    1,    1,    1,    1,    1,    1,    1,    1,
           1,    1,    1,    1]) torch.int64
*************************** start training...

================================================================================2025-08_12 23:54:52
******** [step = 50] loss: 9.444, acc: 0.003
******** [step = 100] loss: 9.041, acc: 0.073
******** [step = 150] loss: 8.662, acc: 0.119
******** [step = 200] loss: 8.318, acc: 0.151
******** [step = 250] loss: 8.001, acc: 0.170
******** [step = 300] loss: 7.694, acc: 0.184
******** [step = 350] loss: 7.397, acc: 0.196
******** [step = 400] loss: 7.121, acc: 0.206
******** [step = 450] loss: 6.877, acc: 0.215
******** [step = 500] loss: 6.659, acc: 0.224
******** [step = 550] loss: 6.469, acc: 0.233
******** [step = 600] loss: 6.299, acc: 0.240
******** [step = 650] loss: 6.149, acc: 0.247
******** [step = 700] loss: 6.013, acc: 0.254
******** [step = 750] loss: 5.889, acc: 0.260
******** [step = 800] loss: 5.777, acc: 0.266
******** [step = 850] loss: 5.675, acc: 0.271
EPOCH = 1 loss: 5.675, acc: 0.271, val_loss: 3.967, val_acc: 0.359

================================================================================2025-08_12 23:57:02
******** [step = 50] loss: 4.016, acc: 0.349
******** [step = 100] loss: 3.979, acc: 0.351
******** [step = 150] loss: 3.954, acc: 0.353
******** [step = 200] loss: 3.937, acc: 0.354
******** [step = 250] loss: 3.918, acc: 0.355
******** [step = 300] loss: 3.903, acc: 0.357
******** [step = 350] loss: 3.883, acc: 0.358
******** [step = 400] loss: 3.863, acc: 0.359
******** [step = 450] loss: 3.845, acc: 0.361
******** [step = 500] loss: 3.827, acc: 0.362
******** [step = 550] loss: 3.811, acc: 0.364
******** [step = 600] loss: 3.794, acc: 0.365
******** [step = 650] loss: 3.778, acc: 0.366
******** [step = 700] loss: 3.763, acc: 0.368
******** [step = 750] loss: 3.747, acc: 0.369
******** [step = 800] loss: 3.734, acc: 0.370
******** [step = 850] loss: 3.720, acc: 0.372
EPOCH = 2 loss: 3.720, acc: 0.372, val_loss: 3.417, val_acc: 0.401

================================================================================2025-08_12 23:59:11
******** [step = 50] loss: 3.465, acc: 0.389
******** [step = 100] loss: 3.446, acc: 0.392
******** [step = 150] loss: 3.433, acc: 0.393
******** [step = 200] loss: 3.424, acc: 0.393
******** [step = 250] loss: 3.419, acc: 0.394
******** [step = 300] loss: 3.415, acc: 0.395
******** [step = 350] loss: 3.410, acc: 0.396
******** [step = 400] loss: 3.402, acc: 0.397
******** [step = 450] loss: 3.395, acc: 0.398
******** [step = 500] loss: 3.390, acc: 0.398
******** [step = 550] loss: 3.383, acc: 0.399
******** [step = 600] loss: 3.377, acc: 0.400
******** [step = 650] loss: 3.372, acc: 0.400
******** [step = 700] loss: 3.367, acc: 0.401
******** [step = 750] loss: 3.362, acc: 0.401
******** [step = 800] loss: 3.359, acc: 0.402
******** [step = 850] loss: 3.354, acc: 0.402
EPOCH = 3 loss: 3.354, acc: 0.402, val_loss: 3.199, val_acc: 0.423

================================================================================2025-08_13 00:01:19
******** [step = 50] loss: 3.217, acc: 0.411
******** [step = 100] loss: 3.194, acc: 0.414
******** [step = 150] loss: 3.195, acc: 0.414
******** [step = 200] loss: 3.200, acc: 0.414
******** [step = 250] loss: 3.197, acc: 0.414
******** [step = 300] loss: 3.198, acc: 0.414
******** [step = 350] loss: 3.195, acc: 0.414
******** [step = 400] loss: 3.195, acc: 0.414
******** [step = 450] loss: 3.197, acc: 0.415
******** [step = 500] loss: 3.197, acc: 0.415
******** [step = 550] loss: 3.196, acc: 0.414
******** [step = 600] loss: 3.193, acc: 0.415
******** [step = 650] loss: 3.191, acc: 0.415
******** [step = 700] loss: 3.189, acc: 0.415
******** [step = 750] loss: 3.187, acc: 0.416
******** [step = 800] loss: 3.184, acc: 0.416
******** [step = 850] loss: 3.181, acc: 0.417
EPOCH = 4 loss: 3.181, acc: 0.417, val_loss: 3.119, val_acc: 0.432

================================================================================2025-08_13 00:03:27
******** [step = 50] loss: 3.131, acc: 0.416
******** [step = 100] loss: 3.087, acc: 0.420
******** [step = 150] loss: 3.076, acc: 0.422
******** [step = 200] loss: 3.076, acc: 0.422
******** [step = 250] loss: 3.073, acc: 0.423
******** [step = 300] loss: 3.077, acc: 0.423
******** [step = 350] loss: 3.081, acc: 0.423
******** [step = 400] loss: 3.089, acc: 0.422
******** [step = 450] loss: 3.089, acc: 0.422
******** [step = 500] loss: 3.091, acc: 0.422
******** [step = 550] loss: 3.090, acc: 0.422
******** [step = 600] loss: 3.089, acc: 0.422
******** [step = 650] loss: 3.087, acc: 0.423
******** [step = 700] loss: 3.087, acc: 0.423
******** [step = 750] loss: 3.085, acc: 0.423
******** [step = 800] loss: 3.087, acc: 0.423
******** [step = 850] loss: 3.089, acc: 0.423
EPOCH = 5 loss: 3.089, acc: 0.423, val_loss: 3.044, val_acc: 0.430

================================================================================2025-08_13 00:05:34
******** [step = 50] loss: 2.990, acc: 0.430
******** [step = 100] loss: 2.965, acc: 0.431
******** [step = 150] loss: 2.968, acc: 0.432
******** [step = 200] loss: 2.970, acc: 0.432
******** [step = 250] loss: 2.967, acc: 0.433
******** [step = 300] loss: 2.969, acc: 0.433
******** [step = 350] loss: 2.971, acc: 0.434
******** [step = 400] loss: 2.972, acc: 0.434
******** [step = 450] loss: 2.976, acc: 0.433
******** [step = 500] loss: 2.978, acc: 0.433
******** [step = 550] loss: 2.979, acc: 0.433
******** [step = 600] loss: 2.979, acc: 0.433
******** [step = 650] loss: 2.979, acc: 0.434
******** [step = 700] loss: 2.977, acc: 0.434
******** [step = 750] loss: 2.977, acc: 0.434
******** [step = 800] loss: 2.978, acc: 0.434
******** [step = 850] loss: 2.976, acc: 0.435
EPOCH = 6 loss: 2.976, acc: 0.435, val_loss: 2.933, val_acc: 0.449

================================================================================2025-08_13 00:07:39
******** [step = 50] loss: 2.875, acc: 0.439
******** [step = 100] loss: 2.853, acc: 0.443
******** [step = 150] loss: 2.847, acc: 0.444
******** [step = 200] loss: 2.855, acc: 0.443
******** [step = 250] loss: 2.862, acc: 0.443
******** [step = 300] loss: 2.867, acc: 0.443
******** [step = 350] loss: 2.868, acc: 0.443
******** [step = 400] loss: 2.867, acc: 0.444
******** [step = 450] loss: 2.870, acc: 0.444
******** [step = 500] loss: 2.869, acc: 0.444
******** [step = 550] loss: 2.869, acc: 0.444
******** [step = 600] loss: 2.869, acc: 0.445
******** [step = 650] loss: 2.871, acc: 0.444
******** [step = 700] loss: 2.873, acc: 0.444
******** [step = 750] loss: 2.874, acc: 0.444
******** [step = 800] loss: 2.874, acc: 0.445
******** [step = 850] loss: 2.875, acc: 0.445
EPOCH = 7 loss: 2.875, acc: 0.445, val_loss: 2.871, val_acc: 0.456

================================================================================2025-08_13 00:09:43
******** [step = 50] loss: 2.751, acc: 0.455
******** [step = 100] loss: 2.751, acc: 0.456
******** [step = 150] loss: 2.760, acc: 0.455
******** [step = 200] loss: 2.768, acc: 0.455
******** [step = 250] loss: 2.777, acc: 0.454
******** [step = 300] loss: 2.783, acc: 0.453
******** [step = 350] loss: 2.786, acc: 0.453
******** [step = 400] loss: 2.788, acc: 0.453
******** [step = 450] loss: 2.788, acc: 0.453
******** [step = 500] loss: 2.791, acc: 0.453
******** [step = 550] loss: 2.792, acc: 0.453
******** [step = 600] loss: 2.793, acc: 0.453
******** [step = 650] loss: 2.792, acc: 0.454
******** [step = 700] loss: 2.794, acc: 0.453
******** [step = 750] loss: 2.795, acc: 0.454
******** [step = 800] loss: 2.797, acc: 0.454
******** [step = 850] loss: 2.796, acc: 0.454
EPOCH = 8 loss: 2.796, acc: 0.454, val_loss: 2.826, val_acc: 0.464

================================================================================2025-08_13 00:11:44
******** [step = 50] loss: 2.694, acc: 0.461
******** [step = 100] loss: 2.689, acc: 0.462
******** [step = 150] loss: 2.697, acc: 0.462
******** [step = 200] loss: 2.698, acc: 0.463
******** [step = 250] loss: 2.704, acc: 0.462
******** [step = 300] loss: 2.704, acc: 0.462
******** [step = 350] loss: 2.708, acc: 0.462
******** [step = 400] loss: 2.712, acc: 0.462
******** [step = 450] loss: 2.713, acc: 0.462
******** [step = 500] loss: 2.717, acc: 0.462
******** [step = 550] loss: 2.720, acc: 0.462
******** [step = 600] loss: 2.723, acc: 0.462
******** [step = 650] loss: 2.726, acc: 0.462
******** [step = 700] loss: 2.728, acc: 0.462
******** [step = 750] loss: 2.729, acc: 0.462
******** [step = 800] loss: 2.731, acc: 0.462
******** [step = 850] loss: 2.734, acc: 0.461
EPOCH = 9 loss: 2.734, acc: 0.461, val_loss: 2.784, val_acc: 0.470

================================================================================2025-08_13 00:13:49
******** [step = 50] loss: 2.644, acc: 0.465
******** [step = 100] loss: 2.637, acc: 0.469
******** [step = 150] loss: 2.651, acc: 0.467
******** [step = 200] loss: 2.647, acc: 0.468
******** [step = 250] loss: 2.650, acc: 0.468
******** [step = 300] loss: 2.652, acc: 0.468
******** [step = 350] loss: 2.653, acc: 0.469
******** [step = 400] loss: 2.660, acc: 0.468
******** [step = 450] loss: 2.659, acc: 0.469
******** [step = 500] loss: 2.663, acc: 0.468
******** [step = 550] loss: 2.665, acc: 0.469
******** [step = 600] loss: 2.668, acc: 0.469
******** [step = 650] loss: 2.669, acc: 0.468
******** [step = 700] loss: 2.671, acc: 0.468
******** [step = 750] loss: 2.674, acc: 0.468
******** [step = 800] loss: 2.677, acc: 0.468
******** [step = 850] loss: 2.679, acc: 0.468
EPOCH = 10 loss: 2.679, acc: 0.468, val_loss: 2.773, val_acc: 0.470

================================================================================2025-08_13 00:15:51
******** [step = 50] loss: 2.594, acc: 0.474
******** [step = 100] loss: 2.598, acc: 0.473
******** [step = 150] loss: 2.601, acc: 0.474
******** [step = 200] loss: 2.605, acc: 0.473
******** [step = 250] loss: 2.613, acc: 0.472
******** [step = 300] loss: 2.613, acc: 0.473
******** [step = 350] loss: 2.617, acc: 0.473
******** [step = 400] loss: 2.620, acc: 0.473
******** [step = 450] loss: 2.620, acc: 0.473
******** [step = 500] loss: 2.623, acc: 0.473
******** [step = 550] loss: 2.625, acc: 0.473
******** [step = 600] loss: 2.628, acc: 0.473
******** [step = 650] loss: 2.631, acc: 0.473
******** [step = 700] loss: 2.633, acc: 0.472
******** [step = 750] loss: 2.634, acc: 0.473
******** [step = 800] loss: 2.634, acc: 0.473
******** [step = 850] loss: 2.634, acc: 0.473
EPOCH = 11 loss: 2.634, acc: 0.473, val_loss: 2.732, val_acc: 0.480

================================================================================2025-08_13 00:17:52
******** [step = 50] loss: 2.537, acc: 0.481
******** [step = 100] loss: 2.557, acc: 0.480
******** [step = 150] loss: 2.559, acc: 0.481
******** [step = 200] loss: 2.564, acc: 0.481
******** [step = 250] loss: 2.566, acc: 0.480
******** [step = 300] loss: 2.568, acc: 0.480
******** [step = 350] loss: 2.574, acc: 0.480
******** [step = 400] loss: 2.578, acc: 0.479
******** [step = 450] loss: 2.579, acc: 0.479
******** [step = 500] loss: 2.583, acc: 0.479
******** [step = 550] loss: 2.584, acc: 0.479
******** [step = 600] loss: 2.585, acc: 0.479
******** [step = 650] loss: 2.586, acc: 0.479
******** [step = 700] loss: 2.587, acc: 0.479
******** [step = 750] loss: 2.589, acc: 0.479
******** [step = 800] loss: 2.593, acc: 0.478
******** [step = 850] loss: 2.594, acc: 0.478
EPOCH = 12 loss: 2.594, acc: 0.478, val_loss: 2.716, val_acc: 0.482

================================================================================2025-08_13 00:19:54
******** [step = 50] loss: 2.489, acc: 0.487
******** [step = 100] loss: 2.511, acc: 0.485
******** [step = 150] loss: 2.517, acc: 0.486
******** [step = 200] loss: 2.516, acc: 0.486
******** [step = 250] loss: 2.518, acc: 0.486
******** [step = 300] loss: 2.521, acc: 0.486
******** [step = 350] loss: 2.526, acc: 0.486
******** [step = 400] loss: 2.530, acc: 0.485
******** [step = 450] loss: 2.537, acc: 0.485
******** [step = 500] loss: 2.542, acc: 0.484
******** [step = 550] loss: 2.543, acc: 0.484
******** [step = 600] loss: 2.547, acc: 0.484
******** [step = 650] loss: 2.551, acc: 0.484
******** [step = 700] loss: 2.553, acc: 0.484
******** [step = 750] loss: 2.556, acc: 0.484
******** [step = 800] loss: 2.559, acc: 0.484
******** [step = 850] loss: 2.561, acc: 0.484
EPOCH = 13 loss: 2.561, acc: 0.484, val_loss: 2.700, val_acc: 0.486

================================================================================2025-08_13 00:21:55
******** [step = 50] loss: 2.470, acc: 0.493
******** [step = 100] loss: 2.471, acc: 0.493
******** [step = 150] loss: 2.478, acc: 0.492
******** [step = 200] loss: 2.482, acc: 0.493
******** [step = 250] loss: 2.480, acc: 0.493
******** [step = 300] loss: 2.487, acc: 0.493
******** [step = 350] loss: 2.489, acc: 0.493
******** [step = 400] loss: 2.493, acc: 0.493
******** [step = 450] loss: 2.498, acc: 0.492
******** [step = 500] loss: 2.505, acc: 0.491
******** [step = 550] loss: 2.507, acc: 0.491
******** [step = 600] loss: 2.511, acc: 0.491
******** [step = 650] loss: 2.513, acc: 0.491
******** [step = 700] loss: 2.516, acc: 0.491
******** [step = 750] loss: 2.516, acc: 0.491
******** [step = 800] loss: 2.519, acc: 0.491
******** [step = 850] loss: 2.523, acc: 0.490
EPOCH = 14 loss: 2.523, acc: 0.490, val_loss: 2.689, val_acc: 0.491

================================================================================2025-08_13 00:23:57
******** [step = 50] loss: 2.454, acc: 0.493
******** [step = 100] loss: 2.441, acc: 0.497
******** [step = 150] loss: 2.446, acc: 0.497
******** [step = 200] loss: 2.457, acc: 0.496
******** [step = 250] loss: 2.461, acc: 0.496
******** [step = 300] loss: 2.468, acc: 0.496
******** [step = 350] loss: 2.468, acc: 0.496
******** [step = 400] loss: 2.475, acc: 0.496
******** [step = 450] loss: 2.475, acc: 0.496
******** [step = 500] loss: 2.477, acc: 0.495
******** [step = 550] loss: 2.481, acc: 0.495
******** [step = 600] loss: 2.482, acc: 0.495
******** [step = 650] loss: 2.483, acc: 0.495
******** [step = 700] loss: 2.485, acc: 0.495
******** [step = 750] loss: 2.490, acc: 0.495
******** [step = 800] loss: 2.491, acc: 0.495
******** [step = 850] loss: 2.493, acc: 0.495
EPOCH = 15 loss: 2.493, acc: 0.495, val_loss: 2.660, val_acc: 0.495

================================================================================2025-08_13 00:25:58
******** [step = 50] loss: 2.394, acc: 0.507
******** [step = 100] loss: 2.407, acc: 0.504
******** [step = 150] loss: 2.418, acc: 0.503
******** [step = 200] loss: 2.420, acc: 0.503
******** [step = 250] loss: 2.426, acc: 0.502
******** [step = 300] loss: 2.429, acc: 0.502
******** [step = 350] loss: 2.432, acc: 0.502
******** [step = 400] loss: 2.437, acc: 0.502
******** [step = 450] loss: 2.442, acc: 0.501
******** [step = 500] loss: 2.445, acc: 0.501
******** [step = 550] loss: 2.449, acc: 0.501
******** [step = 600] loss: 2.451, acc: 0.501
******** [step = 650] loss: 2.452, acc: 0.501
******** [step = 700] loss: 2.455, acc: 0.501
******** [step = 750] loss: 2.458, acc: 0.500
******** [step = 800] loss: 2.458, acc: 0.501
******** [step = 850] loss: 2.458, acc: 0.501
EPOCH = 16 loss: 2.458, acc: 0.501, val_loss: 2.639, val_acc: 0.500

================================================================================2025-08_13 00:28:00
******** [step = 50] loss: 2.383, acc: 0.507
******** [step = 100] loss: 2.373, acc: 0.508
******** [step = 150] loss: 2.376, acc: 0.508
******** [step = 200] loss: 2.383, acc: 0.508
******** [step = 250] loss: 2.390, acc: 0.507
******** [step = 300] loss: 2.396, acc: 0.507
******** [step = 350] loss: 2.401, acc: 0.506
******** [step = 400] loss: 2.407, acc: 0.506
******** [step = 450] loss: 2.410, acc: 0.506
******** [step = 500] loss: 2.413, acc: 0.506
******** [step = 550] loss: 2.416, acc: 0.505
******** [step = 600] loss: 2.417, acc: 0.505
******** [step = 650] loss: 2.420, acc: 0.505
******** [step = 700] loss: 2.423, acc: 0.505
******** [step = 750] loss: 2.425, acc: 0.505
******** [step = 800] loss: 2.427, acc: 0.505
******** [step = 850] loss: 2.429, acc: 0.505
EPOCH = 17 loss: 2.429, acc: 0.505, val_loss: 2.630, val_acc: 0.501

================================================================================2025-08_13 00:30:02
******** [step = 50] loss: 2.361, acc: 0.508
******** [step = 100] loss: 2.347, acc: 0.512
******** [step = 150] loss: 2.343, acc: 0.512
******** [step = 200] loss: 2.347, acc: 0.512
******** [step = 250] loss: 2.355, acc: 0.512
******** [step = 300] loss: 2.361, acc: 0.511
******** [step = 350] loss: 2.364, acc: 0.512
******** [step = 400] loss: 2.368, acc: 0.511
******** [step = 450] loss: 2.372, acc: 0.511
******** [step = 500] loss: 2.378, acc: 0.510
******** [step = 550] loss: 2.387, acc: 0.510
******** [step = 600] loss: 2.392, acc: 0.509
******** [step = 650] loss: 2.395, acc: 0.509
******** [step = 700] loss: 2.397, acc: 0.509
******** [step = 750] loss: 2.400, acc: 0.509
******** [step = 800] loss: 2.402, acc: 0.509
******** [step = 850] loss: 2.408, acc: 0.509
EPOCH = 18 loss: 2.408, acc: 0.509, val_loss: 2.619, val_acc: 0.505

================================================================================2025-08_13 00:32:16
******** [step = 50] loss: 2.333, acc: 0.514
******** [step = 100] loss: 2.317, acc: 0.516
******** [step = 150] loss: 2.318, acc: 0.516
******** [step = 200] loss: 2.327, acc: 0.516
******** [step = 250] loss: 2.336, acc: 0.515
******** [step = 300] loss: 2.344, acc: 0.514
******** [step = 350] loss: 2.346, acc: 0.514
******** [step = 400] loss: 2.351, acc: 0.513
******** [step = 450] loss: 2.356, acc: 0.513
******** [step = 500] loss: 2.360, acc: 0.513
******** [step = 550] loss: 2.363, acc: 0.512
******** [step = 600] loss: 2.366, acc: 0.512
******** [step = 650] loss: 2.370, acc: 0.512
******** [step = 700] loss: 2.374, acc: 0.512
******** [step = 750] loss: 2.378, acc: 0.512
******** [step = 800] loss: 2.380, acc: 0.511
******** [step = 850] loss: 2.383, acc: 0.511
EPOCH = 19 loss: 2.383, acc: 0.511, val_loss: 2.606, val_acc: 0.504

================================================================================2025-08_13 00:34:18
******** [step = 50] loss: 2.307, acc: 0.518
******** [step = 100] loss: 2.300, acc: 0.520
******** [step = 150] loss: 2.305, acc: 0.519
******** [step = 200] loss: 2.308, acc: 0.519
******** [step = 250] loss: 2.313, acc: 0.518
******** [step = 300] loss: 2.320, acc: 0.518
******** [step = 350] loss: 2.321, acc: 0.518
******** [step = 400] loss: 2.328, acc: 0.517
******** [step = 450] loss: 2.329, acc: 0.517
******** [step = 500] loss: 2.335, acc: 0.517
******** [step = 550] loss: 2.339, acc: 0.517
******** [step = 600] loss: 2.343, acc: 0.516
******** [step = 650] loss: 2.348, acc: 0.516
******** [step = 700] loss: 2.351, acc: 0.516
******** [step = 750] loss: 2.354, acc: 0.516
******** [step = 800] loss: 2.357, acc: 0.515
******** [step = 850] loss: 2.360, acc: 0.515
EPOCH = 20 loss: 2.360, acc: 0.515, val_loss: 2.598, val_acc: 0.509

================================================================================2025-08_13 00:36:19
******** [step = 50] loss: 2.271, acc: 0.523
******** [step = 100] loss: 2.280, acc: 0.522
******** [step = 150] loss: 2.282, acc: 0.522
******** [step = 200] loss: 2.290, acc: 0.521
******** [step = 250] loss: 2.296, acc: 0.521
******** [step = 300] loss: 2.300, acc: 0.521
******** [step = 350] loss: 2.303, acc: 0.520
******** [step = 400] loss: 2.306, acc: 0.520
******** [step = 450] loss: 2.308, acc: 0.520
******** [step = 500] loss: 2.311, acc: 0.520
******** [step = 550] loss: 2.319, acc: 0.519
******** [step = 600] loss: 2.324, acc: 0.518
******** [step = 650] loss: 2.328, acc: 0.518
******** [step = 700] loss: 2.331, acc: 0.518
******** [step = 750] loss: 2.334, acc: 0.518
******** [step = 800] loss: 2.338, acc: 0.517
******** [step = 850] loss: 2.345, acc: 0.517
EPOCH = 21 loss: 2.345, acc: 0.517, val_loss: 2.592, val_acc: 0.509

================================================================================2025-08_13 00:38:24
******** [step = 50] loss: 2.251, acc: 0.527
******** [step = 100] loss: 2.261, acc: 0.525
******** [step = 150] loss: 2.267, acc: 0.524
******** [step = 200] loss: 2.268, acc: 0.525
******** [step = 250] loss: 2.277, acc: 0.524
******** [step = 300] loss: 2.280, acc: 0.524
******** [step = 350] loss: 2.285, acc: 0.524
******** [step = 400] loss: 2.289, acc: 0.523
******** [step = 450] loss: 2.294, acc: 0.523
******** [step = 500] loss: 2.299, acc: 0.522
******** [step = 550] loss: 2.305, acc: 0.521
******** [step = 600] loss: 2.308, acc: 0.521
******** [step = 650] loss: 2.312, acc: 0.521
******** [step = 700] loss: 2.317, acc: 0.520
******** [step = 750] loss: 2.319, acc: 0.520
******** [step = 800] loss: 2.321, acc: 0.520
******** [step = 850] loss: 2.324, acc: 0.520
EPOCH = 22 loss: 2.324, acc: 0.520, val_loss: 2.580, val_acc: 0.514

================================================================================2025-08_13 00:40:25
******** [step = 50] loss: 2.248, acc: 0.526
******** [step = 100] loss: 2.257, acc: 0.526
******** [step = 150] loss: 2.259, acc: 0.526
******** [step = 200] loss: 2.258, acc: 0.527
******** [step = 250] loss: 2.261, acc: 0.527
******** [step = 300] loss: 2.265, acc: 0.526
******** [step = 350] loss: 2.270, acc: 0.526
******** [step = 400] loss: 2.273, acc: 0.526
******** [step = 450] loss: 2.276, acc: 0.525
******** [step = 500] loss: 2.282, acc: 0.525
******** [step = 550] loss: 2.287, acc: 0.525
******** [step = 600] loss: 2.293, acc: 0.524
******** [step = 650] loss: 2.295, acc: 0.524
******** [step = 700] loss: 2.298, acc: 0.523
******** [step = 750] loss: 2.301, acc: 0.523
******** [step = 800] loss: 2.304, acc: 0.523
******** [step = 850] loss: 2.305, acc: 0.523
EPOCH = 23 loss: 2.305, acc: 0.523, val_loss: 2.578, val_acc: 0.515

================================================================================2025-08_13 00:42:26
******** [step = 50] loss: 2.231, acc: 0.530
******** [step = 100] loss: 2.231, acc: 0.529
******** [step = 150] loss: 2.234, acc: 0.529
******** [step = 200] loss: 2.234, acc: 0.529
******** [step = 250] loss: 2.241, acc: 0.529
******** [step = 300] loss: 2.246, acc: 0.528
******** [step = 350] loss: 2.253, acc: 0.528
******** [step = 400] loss: 2.257, acc: 0.528
******** [step = 450] loss: 2.262, acc: 0.527
******** [step = 500] loss: 2.265, acc: 0.527
******** [step = 550] loss: 2.269, acc: 0.527
******** [step = 600] loss: 2.273, acc: 0.527
******** [step = 650] loss: 2.277, acc: 0.526
******** [step = 700] loss: 2.280, acc: 0.526
******** [step = 750] loss: 2.283, acc: 0.526
******** [step = 800] loss: 2.286, acc: 0.526
******** [step = 850] loss: 2.290, acc: 0.526
EPOCH = 24 loss: 2.290, acc: 0.526, val_loss: 2.565, val_acc: 0.517

================================================================================2025-08_13 00:44:28
******** [step = 50] loss: 2.219, acc: 0.534
******** [step = 100] loss: 2.217, acc: 0.534
******** [step = 150] loss: 2.215, acc: 0.534
******** [step = 200] loss: 2.228, acc: 0.532
******** [step = 250] loss: 2.231, acc: 0.531
******** [step = 300] loss: 2.235, acc: 0.531
******** [step = 350] loss: 2.240, acc: 0.531
******** [step = 400] loss: 2.245, acc: 0.530
******** [step = 450] loss: 2.251, acc: 0.530
******** [step = 500] loss: 2.254, acc: 0.529
******** [step = 550] loss: 2.259, acc: 0.529
******** [step = 600] loss: 2.260, acc: 0.529
******** [step = 650] loss: 2.265, acc: 0.528
******** [step = 700] loss: 2.268, acc: 0.528
******** [step = 750] loss: 2.271, acc: 0.528
******** [step = 800] loss: 2.273, acc: 0.528
******** [step = 850] loss: 2.275, acc: 0.528
EPOCH = 25 loss: 2.275, acc: 0.528, val_loss: 2.565, val_acc: 0.517

================================================================================2025-08_13 00:46:29
******** [step = 50] loss: 2.208, acc: 0.535
******** [step = 100] loss: 2.201, acc: 0.537
******** [step = 150] loss: 2.204, acc: 0.537
******** [step = 200] loss: 2.209, acc: 0.535
******** [step = 250] loss: 2.216, acc: 0.534
******** [step = 300] loss: 2.226, acc: 0.533
******** [step = 350] loss: 2.234, acc: 0.532
******** [step = 400] loss: 2.238, acc: 0.532
******** [step = 450] loss: 2.239, acc: 0.532
******** [step = 500] loss: 2.243, acc: 0.532
******** [step = 550] loss: 2.246, acc: 0.532
******** [step = 600] loss: 2.252, acc: 0.531
******** [step = 650] loss: 2.254, acc: 0.531
******** [step = 700] loss: 2.256, acc: 0.531
******** [step = 750] loss: 2.259, acc: 0.530
******** [step = 800] loss: 2.262, acc: 0.530
******** [step = 850] loss: 2.266, acc: 0.530
EPOCH = 26 loss: 2.266, acc: 0.530, val_loss: 2.553, val_acc: 0.520

================================================================================2025-08_13 00:48:30
******** [step = 50] loss: 2.188, acc: 0.534
******** [step = 100] loss: 2.191, acc: 0.537
******** [step = 150] loss: 2.196, acc: 0.537
******** [step = 200] loss: 2.199, acc: 0.536
******** [step = 250] loss: 2.205, acc: 0.535
******** [step = 300] loss: 2.211, acc: 0.535
******** [step = 350] loss: 2.217, acc: 0.534
******** [step = 400] loss: 2.219, acc: 0.535
******** [step = 450] loss: 2.225, acc: 0.534
******** [step = 500] loss: 2.227, acc: 0.534
******** [step = 550] loss: 2.231, acc: 0.534
******** [step = 600] loss: 2.236, acc: 0.533
******** [step = 650] loss: 2.242, acc: 0.532
******** [step = 700] loss: 2.246, acc: 0.532
******** [step = 750] loss: 2.249, acc: 0.532
******** [step = 800] loss: 2.251, acc: 0.532
******** [step = 850] loss: 2.253, acc: 0.532
EPOCH = 27 loss: 2.253, acc: 0.532, val_loss: 2.552, val_acc: 0.520

================================================================================2025-08_13 00:50:38
******** [step = 50] loss: 2.171, acc: 0.540
******** [step = 100] loss: 2.174, acc: 0.539
******** [step = 150] loss: 2.181, acc: 0.539
******** [step = 200] loss: 2.191, acc: 0.538
******** [step = 250] loss: 2.199, acc: 0.537
******** [step = 300] loss: 2.203, acc: 0.537
******** [step = 350] loss: 2.204, acc: 0.537
******** [step = 400] loss: 2.207, acc: 0.537
******** [step = 450] loss: 2.211, acc: 0.536
******** [step = 500] loss: 2.214, acc: 0.536
******** [step = 550] loss: 2.217, acc: 0.536
******** [step = 600] loss: 2.223, acc: 0.535
******** [step = 650] loss: 2.225, acc: 0.535
******** [step = 700] loss: 2.228, acc: 0.535
******** [step = 750] loss: 2.233, acc: 0.534
******** [step = 800] loss: 2.236, acc: 0.534
******** [step = 850] loss: 2.239, acc: 0.534
EPOCH = 28 loss: 2.239, acc: 0.534, val_loss: 2.553, val_acc: 0.522

================================================================================2025-08_13 00:52:42
******** [step = 50] loss: 2.172, acc: 0.541
******** [step = 100] loss: 2.173, acc: 0.542
******** [step = 150] loss: 2.171, acc: 0.541
******** [step = 200] loss: 2.174, acc: 0.541
******** [step = 250] loss: 2.180, acc: 0.540
******** [step = 300] loss: 2.183, acc: 0.540
******** [step = 350] loss: 2.188, acc: 0.540
******** [step = 400] loss: 2.194, acc: 0.539
******** [step = 450] loss: 2.199, acc: 0.538
******** [step = 500] loss: 2.201, acc: 0.538
******** [step = 550] loss: 2.206, acc: 0.538
******** [step = 600] loss: 2.210, acc: 0.537
******** [step = 650] loss: 2.214, acc: 0.537
******** [step = 700] loss: 2.217, acc: 0.537
******** [step = 750] loss: 2.220, acc: 0.537
******** [step = 800] loss: 2.226, acc: 0.536
******** [step = 850] loss: 2.229, acc: 0.536
EPOCH = 29 loss: 2.229, acc: 0.536, val_loss: 2.554, val_acc: 0.522

================================================================================2025-08_13 00:54:43
******** [step = 50] loss: 2.162, acc: 0.542
******** [step = 100] loss: 2.156, acc: 0.542
******** [step = 150] loss: 2.166, acc: 0.541
******** [step = 200] loss: 2.170, acc: 0.541
******** [step = 250] loss: 2.171, acc: 0.541
******** [step = 300] loss: 2.176, acc: 0.540
******** [step = 350] loss: 2.182, acc: 0.540
******** [step = 400] loss: 2.186, acc: 0.540
******** [step = 450] loss: 2.191, acc: 0.539
******** [step = 500] loss: 2.192, acc: 0.539
******** [step = 550] loss: 2.197, acc: 0.539
******** [step = 600] loss: 2.200, acc: 0.538
******** [step = 650] loss: 2.202, acc: 0.539
******** [step = 700] loss: 2.205, acc: 0.538
******** [step = 750] loss: 2.208, acc: 0.538
******** [step = 800] loss: 2.210, acc: 0.538
******** [step = 850] loss: 2.214, acc: 0.538
EPOCH = 30 loss: 2.214, acc: 0.538, val_loss: 2.539, val_acc: 0.525

================================================================================2025-08_13 00:56:44
******** [step = 50] loss: 2.154, acc: 0.545
******** [step = 100] loss: 2.154, acc: 0.544
******** [step = 150] loss: 2.157, acc: 0.544
******** [step = 200] loss: 2.153, acc: 0.544
******** [step = 250] loss: 2.154, acc: 0.544
******** [step = 300] loss: 2.159, acc: 0.544
******** [step = 350] loss: 2.162, acc: 0.543
******** [step = 400] loss: 2.168, acc: 0.543
******** [step = 450] loss: 2.170, acc: 0.543
******** [step = 500] loss: 2.174, acc: 0.542
******** [step = 550] loss: 2.178, acc: 0.542
******** [step = 600] loss: 2.182, acc: 0.542
******** [step = 650] loss: 2.186, acc: 0.542
******** [step = 700] loss: 2.190, acc: 0.542
******** [step = 750] loss: 2.194, acc: 0.541
******** [step = 800] loss: 2.199, acc: 0.541
******** [step = 850] loss: 2.202, acc: 0.541
EPOCH = 31 loss: 2.202, acc: 0.541, val_loss: 2.535, val_acc: 0.524

================================================================================2025-08_13 00:58:45
******** [step = 50] loss: 2.112, acc: 0.546
******** [step = 100] loss: 2.132, acc: 0.544
******** [step = 150] loss: 2.140, acc: 0.544
******** [step = 200] loss: 2.141, acc: 0.544
******** [step = 250] loss: 2.146, acc: 0.545
******** [step = 300] loss: 2.151, acc: 0.545
******** [step = 350] loss: 2.154, acc: 0.544
******** [step = 400] loss: 2.158, acc: 0.544
******** [step = 450] loss: 2.161, acc: 0.544
******** [step = 500] loss: 2.166, acc: 0.544
******** [step = 550] loss: 2.168, acc: 0.543
******** [step = 600] loss: 2.174, acc: 0.543
******** [step = 650] loss: 2.178, acc: 0.543
******** [step = 700] loss: 2.181, acc: 0.543
******** [step = 750] loss: 2.185, acc: 0.542
******** [step = 800] loss: 2.188, acc: 0.542
******** [step = 850] loss: 2.193, acc: 0.542
EPOCH = 32 loss: 2.193, acc: 0.542, val_loss: 2.528, val_acc: 0.527

================================================================================2025-08_13 01:00:52
******** [step = 50] loss: 2.110, acc: 0.549
******** [step = 100] loss: 2.111, acc: 0.549
******** [step = 150] loss: 2.120, acc: 0.548
******** [step = 200] loss: 2.126, acc: 0.547
******** [step = 250] loss: 2.136, acc: 0.547
******** [step = 300] loss: 2.139, acc: 0.547
******** [step = 350] loss: 2.144, acc: 0.547
******** [step = 400] loss: 2.148, acc: 0.546
******** [step = 450] loss: 2.152, acc: 0.546
******** [step = 500] loss: 2.158, acc: 0.546
******** [step = 550] loss: 2.162, acc: 0.545
******** [step = 600] loss: 2.167, acc: 0.545
******** [step = 650] loss: 2.171, acc: 0.544
******** [step = 700] loss: 2.173, acc: 0.544
******** [step = 750] loss: 2.177, acc: 0.544
******** [step = 800] loss: 2.180, acc: 0.544
******** [step = 850] loss: 2.183, acc: 0.544
EPOCH = 33 loss: 2.183, acc: 0.544, val_loss: 2.525, val_acc: 0.527

================================================================================2025-08_13 01:02:59
******** [step = 50] loss: 2.122, acc: 0.549
******** [step = 100] loss: 2.128, acc: 0.548
******** [step = 150] loss: 2.129, acc: 0.548
******** [step = 200] loss: 2.135, acc: 0.548
******** [step = 250] loss: 2.135, acc: 0.548
******** [step = 300] loss: 2.139, acc: 0.548
******** [step = 350] loss: 2.143, acc: 0.548
******** [step = 400] loss: 2.145, acc: 0.548
******** [step = 450] loss: 2.148, acc: 0.547
******** [step = 500] loss: 2.153, acc: 0.547
******** [step = 550] loss: 2.154, acc: 0.547
******** [step = 600] loss: 2.158, acc: 0.546
******** [step = 650] loss: 2.161, acc: 0.546
******** [step = 700] loss: 2.166, acc: 0.546
******** [step = 750] loss: 2.168, acc: 0.546
******** [step = 800] loss: 2.170, acc: 0.546
******** [step = 850] loss: 2.174, acc: 0.545
EPOCH = 34 loss: 2.174, acc: 0.545, val_loss: 2.520, val_acc: 0.530

================================================================================2025-08_13 01:05:00
******** [step = 50] loss: 2.108, acc: 0.551
******** [step = 100] loss: 2.103, acc: 0.554
******** [step = 150] loss: 2.099, acc: 0.554
******** [step = 200] loss: 2.101, acc: 0.553
******** [step = 250] loss: 2.106, acc: 0.553
******** [step = 300] loss: 2.113, acc: 0.552
******** [step = 350] loss: 2.118, acc: 0.551
******** [step = 400] loss: 2.122, acc: 0.551
******** [step = 450] loss: 2.129, acc: 0.550
******** [step = 500] loss: 2.134, acc: 0.550
******** [step = 550] loss: 2.138, acc: 0.549
******** [step = 600] loss: 2.142, acc: 0.549
******** [step = 650] loss: 2.145, acc: 0.549
******** [step = 700] loss: 2.149, acc: 0.549
******** [step = 750] loss: 2.153, acc: 0.548
******** [step = 800] loss: 2.156, acc: 0.548
******** [step = 850] loss: 2.159, acc: 0.547
EPOCH = 35 loss: 2.159, acc: 0.547, val_loss: 2.507, val_acc: 0.533

================================================================================2025-08_13 01:07:04
******** [step = 50] loss: 2.094, acc: 0.556
******** [step = 100] loss: 2.093, acc: 0.555
******** [step = 150] loss: 2.100, acc: 0.554
******** [step = 200] loss: 2.105, acc: 0.555
******** [step = 250] loss: 2.109, acc: 0.554
******** [step = 300] loss: 2.113, acc: 0.554
******** [step = 350] loss: 2.117, acc: 0.553
******** [step = 400] loss: 2.122, acc: 0.553
******** [step = 450] loss: 2.127, acc: 0.552
******** [step = 500] loss: 2.133, acc: 0.552
******** [step = 550] loss: 2.134, acc: 0.552
******** [step = 600] loss: 2.138, acc: 0.551
******** [step = 650] loss: 2.141, acc: 0.551
******** [step = 700] loss: 2.145, acc: 0.551
******** [step = 750] loss: 2.148, acc: 0.551
******** [step = 800] loss: 2.149, acc: 0.551
******** [step = 850] loss: 2.151, acc: 0.550
EPOCH = 36 loss: 2.151, acc: 0.550, val_loss: 2.508, val_acc: 0.532

================================================================================2025-08_13 01:09:07
******** [step = 50] loss: 2.073, acc: 0.558
******** [step = 100] loss: 2.071, acc: 0.559
******** [step = 150] loss: 2.072, acc: 0.558
******** [step = 200] loss: 2.081, acc: 0.558
******** [step = 250] loss: 2.086, acc: 0.557
******** [step = 300] loss: 2.095, acc: 0.556
******** [step = 350] loss: 2.101, acc: 0.555
******** [step = 400] loss: 2.106, acc: 0.555
******** [step = 450] loss: 2.109, acc: 0.555
******** [step = 500] loss: 2.115, acc: 0.554
******** [step = 550] loss: 2.121, acc: 0.553
******** [step = 600] loss: 2.124, acc: 0.553
******** [step = 650] loss: 2.127, acc: 0.553
******** [step = 700] loss: 2.131, acc: 0.552
******** [step = 750] loss: 2.135, acc: 0.552
******** [step = 800] loss: 2.138, acc: 0.552
******** [step = 850] loss: 2.142, acc: 0.552
EPOCH = 37 loss: 2.142, acc: 0.552, val_loss: 2.510, val_acc: 0.536

================================================================================2025-08_13 01:11:08
******** [step = 50] loss: 2.080, acc: 0.558
******** [step = 100] loss: 2.079, acc: 0.560
******** [step = 150] loss: 2.082, acc: 0.559
******** [step = 200] loss: 2.086, acc: 0.558
******** [step = 250] loss: 2.084, acc: 0.558
******** [step = 300] loss: 2.090, acc: 0.557
******** [step = 350] loss: 2.096, acc: 0.556
******** [step = 400] loss: 2.099, acc: 0.556
******** [step = 450] loss: 2.105, acc: 0.556
******** [step = 500] loss: 2.111, acc: 0.555
******** [step = 550] loss: 2.114, acc: 0.555
******** [step = 600] loss: 2.118, acc: 0.555
******** [step = 650] loss: 2.121, acc: 0.554
******** [step = 700] loss: 2.126, acc: 0.554
******** [step = 750] loss: 2.129, acc: 0.553
******** [step = 800] loss: 2.133, acc: 0.553
******** [step = 850] loss: 2.137, acc: 0.553
EPOCH = 38 loss: 2.137, acc: 0.553, val_loss: 2.501, val_acc: 0.534

================================================================================2025-08_13 01:13:09
******** [step = 50] loss: 2.054, acc: 0.562
******** [step = 100] loss: 2.067, acc: 0.560
******** [step = 150] loss: 2.068, acc: 0.559
******** [step = 200] loss: 2.068, acc: 0.559
******** [step = 250] loss: 2.079, acc: 0.558
******** [step = 300] loss: 2.085, acc: 0.557
******** [step = 350] loss: 2.089, acc: 0.557
******** [step = 400] loss: 2.094, acc: 0.556
******** [step = 450] loss: 2.099, acc: 0.556
******** [step = 500] loss: 2.102, acc: 0.556
******** [step = 550] loss: 2.105, acc: 0.556
******** [step = 600] loss: 2.109, acc: 0.555
******** [step = 650] loss: 2.112, acc: 0.555
******** [step = 700] loss: 2.115, acc: 0.555
******** [step = 750] loss: 2.117, acc: 0.555
******** [step = 800] loss: 2.121, acc: 0.554
******** [step = 850] loss: 2.127, acc: 0.554
EPOCH = 39 loss: 2.127, acc: 0.554, val_loss: 2.496, val_acc: 0.536

================================================================================2025-08_13 01:15:16
******** [step = 50] loss: 2.045, acc: 0.565
******** [step = 100] loss: 2.054, acc: 0.563
******** [step = 150] loss: 2.059, acc: 0.562
******** [step = 200] loss: 2.058, acc: 0.562
******** [step = 250] loss: 2.061, acc: 0.561
******** [step = 300] loss: 2.066, acc: 0.561
******** [step = 350] loss: 2.070, acc: 0.560
******** [step = 400] loss: 2.074, acc: 0.559
******** [step = 450] loss: 2.081, acc: 0.559
******** [step = 500] loss: 2.088, acc: 0.558
******** [step = 550] loss: 2.092, acc: 0.558
******** [step = 600] loss: 2.098, acc: 0.557
******** [step = 650] loss: 2.102, acc: 0.557
******** [step = 700] loss: 2.106, acc: 0.556
******** [step = 750] loss: 2.110, acc: 0.556
******** [step = 800] loss: 2.113, acc: 0.555
******** [step = 850] loss: 2.115, acc: 0.555
EPOCH = 40 loss: 2.115, acc: 0.555, val_loss: 2.492, val_acc: 0.537

================================================================================2025-08_13 01:17:25
******** [step = 50] loss: 2.029, acc: 0.563
******** [step = 100] loss: 2.028, acc: 0.564
******** [step = 150] loss: 2.034, acc: 0.563
******** [step = 200] loss: 2.045, acc: 0.562
******** [step = 250] loss: 2.056, acc: 0.561
******** [step = 300] loss: 2.062, acc: 0.560
******** [step = 350] loss: 2.067, acc: 0.560
******** [step = 400] loss: 2.074, acc: 0.559
******** [step = 450] loss: 2.078, acc: 0.558
******** [step = 500] loss: 2.080, acc: 0.558
******** [step = 550] loss: 2.087, acc: 0.557
******** [step = 600] loss: 2.091, acc: 0.557
******** [step = 650] loss: 2.094, acc: 0.557
******** [step = 700] loss: 2.096, acc: 0.557
******** [step = 750] loss: 2.101, acc: 0.557
******** [step = 800] loss: 2.105, acc: 0.556
******** [step = 850] loss: 2.108, acc: 0.556
EPOCH = 41 loss: 2.108, acc: 0.556, val_loss: 2.489, val_acc: 0.537

================================================================================2025-08_13 01:19:27
******** [step = 50] loss: 2.046, acc: 0.562
******** [step = 100] loss: 2.041, acc: 0.564
******** [step = 150] loss: 2.049, acc: 0.563
******** [step = 200] loss: 2.051, acc: 0.562
******** [step = 250] loss: 2.052, acc: 0.562
******** [step = 300] loss: 2.058, acc: 0.561
******** [step = 350] loss: 2.063, acc: 0.561
******** [step = 400] loss: 2.069, acc: 0.560
******** [step = 450] loss: 2.075, acc: 0.559
******** [step = 500] loss: 2.080, acc: 0.559
******** [step = 550] loss: 2.083, acc: 0.558
******** [step = 600] loss: 2.087, acc: 0.558
******** [step = 650] loss: 2.091, acc: 0.558
******** [step = 700] loss: 2.095, acc: 0.557
******** [step = 750] loss: 2.098, acc: 0.557
******** [step = 800] loss: 2.101, acc: 0.557
******** [step = 850] loss: 2.103, acc: 0.557
EPOCH = 42 loss: 2.103, acc: 0.557, val_loss: 2.489, val_acc: 0.538

================================================================================2025-08_13 01:21:28
******** [step = 50] loss: 2.019, acc: 0.566
******** [step = 100] loss: 2.024, acc: 0.565
******** [step = 150] loss: 2.029, acc: 0.564
******** [step = 200] loss: 2.037, acc: 0.563
******** [step = 250] loss: 2.042, acc: 0.562
******** [step = 300] loss: 2.050, acc: 0.562
******** [step = 350] loss: 2.055, acc: 0.561
******** [step = 400] loss: 2.061, acc: 0.561
******** [step = 450] loss: 2.064, acc: 0.561
******** [step = 500] loss: 2.068, acc: 0.560
******** [step = 550] loss: 2.072, acc: 0.560
******** [step = 600] loss: 2.076, acc: 0.560
******** [step = 650] loss: 2.080, acc: 0.559
******** [step = 700] loss: 2.084, acc: 0.559
******** [step = 750] loss: 2.088, acc: 0.559
******** [step = 800] loss: 2.092, acc: 0.559
******** [step = 850] loss: 2.095, acc: 0.559
EPOCH = 43 loss: 2.095, acc: 0.559, val_loss: 2.485, val_acc: 0.539

================================================================================2025-08_13 01:23:35
******** [step = 50] loss: 2.004, acc: 0.569
******** [step = 100] loss: 2.017, acc: 0.567
******** [step = 150] loss: 2.026, acc: 0.566
******** [step = 200] loss: 2.033, acc: 0.565
******** [step = 250] loss: 2.037, acc: 0.564
******** [step = 300] loss: 2.046, acc: 0.563
******** [step = 350] loss: 2.054, acc: 0.562
******** [step = 400] loss: 2.060, acc: 0.562
******** [step = 450] loss: 2.062, acc: 0.562
******** [step = 500] loss: 2.067, acc: 0.561
******** [step = 550] loss: 2.070, acc: 0.561
******** [step = 600] loss: 2.073, acc: 0.561
******** [step = 650] loss: 2.077, acc: 0.561
******** [step = 700] loss: 2.081, acc: 0.560
******** [step = 750] loss: 2.084, acc: 0.560
******** [step = 800] loss: 2.087, acc: 0.560
******** [step = 850] loss: 2.089, acc: 0.560
EPOCH = 44 loss: 2.089, acc: 0.560, val_loss: 2.488, val_acc: 0.539

================================================================================2025-08_13 01:25:36
******** [step = 50] loss: 2.010, acc: 0.568
******** [step = 100] loss: 2.013, acc: 0.567
******** [step = 150] loss: 2.018, acc: 0.566
******** [step = 200] loss: 2.024, acc: 0.566
******** [step = 250] loss: 2.031, acc: 0.565
******** [step = 300] loss: 2.035, acc: 0.565
******** [step = 350] loss: 2.041, acc: 0.564
******** [step = 400] loss: 2.046, acc: 0.564
******** [step = 450] loss: 2.052, acc: 0.563
******** [step = 500] loss: 2.057, acc: 0.563
******** [step = 550] loss: 2.063, acc: 0.562
******** [step = 600] loss: 2.066, acc: 0.562
******** [step = 650] loss: 2.069, acc: 0.562
******** [step = 700] loss: 2.073, acc: 0.561
******** [step = 750] loss: 2.077, acc: 0.561
******** [step = 800] loss: 2.080, acc: 0.561
******** [step = 850] loss: 2.085, acc: 0.560
EPOCH = 45 loss: 2.085, acc: 0.560, val_loss: 2.491, val_acc: 0.539

================================================================================2025-08_13 01:27:36
******** [step = 50] loss: 2.023, acc: 0.566
******** [step = 100] loss: 2.025, acc: 0.565
******** [step = 150] loss: 2.023, acc: 0.566
******** [step = 200] loss: 2.027, acc: 0.565
******** [step = 250] loss: 2.031, acc: 0.564
******** [step = 300] loss: 2.034, acc: 0.565
******** [step = 350] loss: 2.039, acc: 0.565
******** [step = 400] loss: 2.044, acc: 0.564
******** [step = 450] loss: 2.051, acc: 0.563
******** [step = 500] loss: 2.055, acc: 0.563
******** [step = 550] loss: 2.057, acc: 0.562
******** [step = 600] loss: 2.060, acc: 0.562
******** [step = 650] loss: 2.064, acc: 0.562
******** [step = 700] loss: 2.067, acc: 0.562
******** [step = 750] loss: 2.071, acc: 0.561
******** [step = 800] loss: 2.075, acc: 0.561
******** [step = 850] loss: 2.078, acc: 0.561
EPOCH = 46 loss: 2.078, acc: 0.561, val_loss: 2.478, val_acc: 0.541

================================================================================2025-08_13 01:29:37
******** [step = 50] loss: 2.022, acc: 0.566
******** [step = 100] loss: 2.017, acc: 0.568
******** [step = 150] loss: 2.019, acc: 0.567
******** [step = 200] loss: 2.023, acc: 0.566
******** [step = 250] loss: 2.031, acc: 0.565
******** [step = 300] loss: 2.035, acc: 0.565
******** [step = 350] loss: 2.040, acc: 0.565
******** [step = 400] loss: 2.043, acc: 0.564
******** [step = 450] loss: 2.045, acc: 0.564
******** [step = 500] loss: 2.049, acc: 0.564
******** [step = 550] loss: 2.053, acc: 0.563
******** [step = 600] loss: 2.057, acc: 0.563
******** [step = 650] loss: 2.062, acc: 0.562
******** [step = 700] loss: 2.064, acc: 0.562
******** [step = 750] loss: 2.066, acc: 0.562
******** [step = 800] loss: 2.070, acc: 0.562
******** [step = 850] loss: 2.075, acc: 0.561
EPOCH = 47 loss: 2.075, acc: 0.561, val_loss: 2.475, val_acc: 0.541

================================================================================2025-08_13 01:31:38
******** [step = 50] loss: 1.998, acc: 0.570
******** [step = 100] loss: 2.001, acc: 0.570
******** [step = 150] loss: 2.010, acc: 0.568
******** [step = 200] loss: 2.016, acc: 0.567
******** [step = 250] loss: 2.021, acc: 0.567
******** [step = 300] loss: 2.025, acc: 0.566
******** [step = 350] loss: 2.031, acc: 0.565
******** [step = 400] loss: 2.034, acc: 0.565
******** [step = 450] loss: 2.036, acc: 0.565
******** [step = 500] loss: 2.041, acc: 0.565
******** [step = 550] loss: 2.045, acc: 0.565
******** [step = 600] loss: 2.050, acc: 0.564
******** [step = 650] loss: 2.054, acc: 0.564
******** [step = 700] loss: 2.058, acc: 0.563
******** [step = 750] loss: 2.062, acc: 0.563
******** [step = 800] loss: 2.066, acc: 0.563
******** [step = 850] loss: 2.070, acc: 0.562
EPOCH = 48 loss: 2.070, acc: 0.562, val_loss: 2.474, val_acc: 0.540

================================================================================2025-08_13 01:33:39
******** [step = 50] loss: 1.983, acc: 0.571
******** [step = 100] loss: 2.001, acc: 0.570
******** [step = 150] loss: 2.008, acc: 0.569
******** [step = 200] loss: 2.014, acc: 0.568
******** [step = 250] loss: 2.013, acc: 0.568
******** [step = 300] loss: 2.018, acc: 0.568
******** [step = 350] loss: 2.026, acc: 0.567
******** [step = 400] loss: 2.028, acc: 0.566
******** [step = 450] loss: 2.033, acc: 0.566
******** [step = 500] loss: 2.036, acc: 0.566
******** [step = 550] loss: 2.040, acc: 0.565
******** [step = 600] loss: 2.045, acc: 0.565
******** [step = 650] loss: 2.049, acc: 0.565
******** [step = 700] loss: 2.053, acc: 0.565
******** [step = 750] loss: 2.056, acc: 0.564
******** [step = 800] loss: 2.060, acc: 0.564
******** [step = 850] loss: 2.064, acc: 0.564
EPOCH = 49 loss: 2.064, acc: 0.564, val_loss: 2.474, val_acc: 0.541

================================================================================2025-08_13 01:35:40
******** [step = 50] loss: 1.995, acc: 0.572
******** [step = 100] loss: 1.992, acc: 0.572
******** [step = 150] loss: 2.001, acc: 0.571
******** [step = 200] loss: 2.009, acc: 0.570
******** [step = 250] loss: 2.009, acc: 0.569
******** [step = 300] loss: 2.013, acc: 0.569
******** [step = 350] loss: 2.019, acc: 0.569
******** [step = 400] loss: 2.026, acc: 0.568
******** [step = 450] loss: 2.027, acc: 0.568
******** [step = 500] loss: 2.032, acc: 0.567
******** [step = 550] loss: 2.036, acc: 0.567
******** [step = 600] loss: 2.040, acc: 0.566
******** [step = 650] loss: 2.043, acc: 0.566
******** [step = 700] loss: 2.048, acc: 0.565
******** [step = 750] loss: 2.051, acc: 0.565
******** [step = 800] loss: 2.055, acc: 0.565
******** [step = 850] loss: 2.059, acc: 0.564
EPOCH = 50 loss: 2.059, acc: 0.564, val_loss: 2.474, val_acc: 0.540

================================================================================2025-08_13 01:37:41
******** [step = 50] loss: 2.000, acc: 0.571
******** [step = 100] loss: 2.002, acc: 0.571
******** [step = 150] loss: 2.000, acc: 0.570
******** [step = 200] loss: 2.006, acc: 0.569
******** [step = 250] loss: 2.010, acc: 0.569
******** [step = 300] loss: 2.016, acc: 0.568
******** [step = 350] loss: 2.019, acc: 0.568
******** [step = 400] loss: 2.021, acc: 0.568
******** [step = 450] loss: 2.024, acc: 0.568
******** [step = 500] loss: 2.028, acc: 0.567
******** [step = 550] loss: 2.031, acc: 0.567
******** [step = 600] loss: 2.038, acc: 0.566
******** [step = 650] loss: 2.040, acc: 0.566
******** [step = 700] loss: 2.044, acc: 0.566
******** [step = 750] loss: 2.047, acc: 0.565
******** [step = 800] loss: 2.050, acc: 0.565
******** [step = 850] loss: 2.056, acc: 0.564
EPOCH = 51 loss: 2.056, acc: 0.564, val_loss: 2.469, val_acc: 0.541

================================================================================2025-08_13 01:39:42
******** [step = 50] loss: 1.974, acc: 0.574
******** [step = 100] loss: 1.967, acc: 0.575
******** [step = 150] loss: 1.978, acc: 0.573
******** [step = 200] loss: 1.981, acc: 0.572
******** [step = 250] loss: 1.987, acc: 0.572
******** [step = 300] loss: 1.993, acc: 0.571
******** [step = 350] loss: 2.000, acc: 0.571
******** [step = 400] loss: 2.006, acc: 0.570
******** [step = 450] loss: 2.015, acc: 0.569
******** [step = 500] loss: 2.019, acc: 0.568
******** [step = 550] loss: 2.025, acc: 0.568
******** [step = 600] loss: 2.029, acc: 0.568
******** [step = 650] loss: 2.034, acc: 0.567
******** [step = 700] loss: 2.039, acc: 0.567
******** [step = 750] loss: 2.041, acc: 0.566
******** [step = 800] loss: 2.045, acc: 0.566
******** [step = 850] loss: 2.049, acc: 0.566
EPOCH = 52 loss: 2.049, acc: 0.566, val_loss: 2.471, val_acc: 0.541

================================================================================2025-08_13 01:41:43
******** [step = 50] loss: 1.967, acc: 0.576
******** [step = 100] loss: 1.969, acc: 0.575
******** [step = 150] loss: 1.977, acc: 0.574
******** [step = 200] loss: 1.985, acc: 0.573
******** [step = 250] loss: 1.990, acc: 0.572
******** [step = 300] loss: 1.998, acc: 0.571
******** [step = 350] loss: 2.003, acc: 0.571
******** [step = 400] loss: 2.006, acc: 0.570
******** [step = 450] loss: 2.012, acc: 0.570
******** [step = 500] loss: 2.015, acc: 0.570
******** [step = 550] loss: 2.019, acc: 0.569
******** [step = 600] loss: 2.023, acc: 0.569
******** [step = 650] loss: 2.028, acc: 0.568
******** [step = 700] loss: 2.031, acc: 0.568
******** [step = 750] loss: 2.034, acc: 0.568
******** [step = 800] loss: 2.038, acc: 0.567
******** [step = 850] loss: 2.042, acc: 0.567
EPOCH = 53 loss: 2.042, acc: 0.567, val_loss: 2.466, val_acc: 0.544

================================================================================2025-08_13 01:43:44
******** [step = 50] loss: 1.953, acc: 0.576
******** [step = 100] loss: 1.955, acc: 0.576
******** [step = 150] loss: 1.959, acc: 0.576
******** [step = 200] loss: 1.970, acc: 0.574
******** [step = 250] loss: 1.977, acc: 0.573
******** [step = 300] loss: 1.984, acc: 0.572
******** [step = 350] loss: 1.994, acc: 0.571
******** [step = 400] loss: 2.000, acc: 0.571
******** [step = 450] loss: 2.004, acc: 0.570
******** [step = 500] loss: 2.010, acc: 0.570
******** [step = 550] loss: 2.012, acc: 0.570
******** [step = 600] loss: 2.016, acc: 0.569
******** [step = 650] loss: 2.021, acc: 0.569
******** [step = 700] loss: 2.026, acc: 0.568
******** [step = 750] loss: 2.029, acc: 0.568
******** [step = 800] loss: 2.032, acc: 0.568
******** [step = 850] loss: 2.035, acc: 0.568
EPOCH = 54 loss: 2.035, acc: 0.568, val_loss: 2.465, val_acc: 0.543

================================================================================2025-08_13 01:45:45
******** [step = 50] loss: 1.964, acc: 0.575
******** [step = 100] loss: 1.972, acc: 0.574
******** [step = 150] loss: 1.971, acc: 0.575
******** [step = 200] loss: 1.978, acc: 0.574
******** [step = 250] loss: 1.981, acc: 0.573
******** [step = 300] loss: 1.984, acc: 0.573
******** [step = 350] loss: 1.990, acc: 0.572
******** [step = 400] loss: 1.995, acc: 0.572
******** [step = 450] loss: 1.997, acc: 0.572
******** [step = 500] loss: 2.003, acc: 0.571
******** [step = 550] loss: 2.007, acc: 0.570
******** [step = 600] loss: 2.012, acc: 0.570
******** [step = 650] loss: 2.017, acc: 0.570
******** [step = 700] loss: 2.020, acc: 0.569
******** [step = 750] loss: 2.024, acc: 0.569
******** [step = 800] loss: 2.027, acc: 0.569
******** [step = 850] loss: 2.032, acc: 0.569
EPOCH = 55 loss: 2.032, acc: 0.569, val_loss: 2.465, val_acc: 0.544

================================================================================2025-08_13 01:47:51
******** [step = 50] loss: 1.963, acc: 0.577
******** [step = 100] loss: 1.960, acc: 0.577
******** [step = 150] loss: 1.964, acc: 0.576
******** [step = 200] loss: 1.969, acc: 0.576
******** [step = 250] loss: 1.975, acc: 0.575
******** [step = 300] loss: 1.983, acc: 0.574
******** [step = 350] loss: 1.987, acc: 0.573
******** [step = 400] loss: 1.993, acc: 0.573
******** [step = 450] loss: 1.994, acc: 0.573
******** [step = 500] loss: 2.000, acc: 0.572
******** [step = 550] loss: 2.004, acc: 0.572
******** [step = 600] loss: 2.009, acc: 0.571
******** [step = 650] loss: 2.012, acc: 0.571
******** [step = 700] loss: 2.016, acc: 0.571
******** [step = 750] loss: 2.021, acc: 0.570
******** [step = 800] loss: 2.025, acc: 0.570
******** [step = 850] loss: 2.028, acc: 0.569
EPOCH = 56 loss: 2.028, acc: 0.569, val_loss: 2.460, val_acc: 0.543

================================================================================2025-08_13 01:49:56
******** [step = 50] loss: 1.956, acc: 0.577
******** [step = 100] loss: 1.957, acc: 0.577
******** [step = 150] loss: 1.964, acc: 0.576
******** [step = 200] loss: 1.972, acc: 0.575
******** [step = 250] loss: 1.971, acc: 0.575
******** [step = 300] loss: 1.980, acc: 0.573
******** [step = 350] loss: 1.982, acc: 0.574
******** [step = 400] loss: 1.986, acc: 0.573
******** [step = 450] loss: 1.990, acc: 0.573
******** [step = 500] loss: 1.994, acc: 0.572
******** [step = 550] loss: 1.999, acc: 0.572
******** [step = 600] loss: 2.004, acc: 0.571
******** [step = 650] loss: 2.008, acc: 0.571
******** [step = 700] loss: 2.013, acc: 0.570
******** [step = 750] loss: 2.016, acc: 0.570
******** [step = 800] loss: 2.020, acc: 0.570
******** [step = 850] loss: 2.023, acc: 0.569
EPOCH = 57 loss: 2.023, acc: 0.569, val_loss: 2.460, val_acc: 0.545

================================================================================2025-08_13 01:52:01
******** [step = 50] loss: 1.942, acc: 0.577
******** [step = 100] loss: 1.946, acc: 0.578
******** [step = 150] loss: 1.960, acc: 0.576
******** [step = 200] loss: 1.961, acc: 0.576
******** [step = 250] loss: 1.970, acc: 0.575
******** [step = 300] loss: 1.976, acc: 0.574
******** [step = 350] loss: 1.980, acc: 0.574
******** [step = 400] loss: 1.984, acc: 0.574
******** [step = 450] loss: 1.988, acc: 0.573
******** [step = 500] loss: 1.994, acc: 0.573
******** [step = 550] loss: 1.998, acc: 0.572
******** [step = 600] loss: 2.001, acc: 0.572
******** [step = 650] loss: 2.005, acc: 0.572
******** [step = 700] loss: 2.010, acc: 0.571
******** [step = 750] loss: 2.012, acc: 0.571
******** [step = 800] loss: 2.014, acc: 0.571
******** [step = 850] loss: 2.017, acc: 0.571
EPOCH = 58 loss: 2.017, acc: 0.571, val_loss: 2.457, val_acc: 0.544

================================================================================2025-08_13 01:54:05
******** [step = 50] loss: 1.943, acc: 0.578
******** [step = 100] loss: 1.947, acc: 0.578
******** [step = 150] loss: 1.953, acc: 0.578
******** [step = 200] loss: 1.957, acc: 0.577
******** [step = 250] loss: 1.961, acc: 0.576
******** [step = 300] loss: 1.968, acc: 0.576
******** [step = 350] loss: 1.975, acc: 0.575
******** [step = 400] loss: 1.981, acc: 0.574
******** [step = 450] loss: 1.986, acc: 0.574
******** [step = 500] loss: 1.992, acc: 0.573
******** [step = 550] loss: 1.996, acc: 0.573
******** [step = 600] loss: 1.999, acc: 0.572
******** [step = 650] loss: 2.004, acc: 0.572
******** [step = 700] loss: 2.005, acc: 0.572
******** [step = 750] loss: 2.008, acc: 0.572
******** [step = 800] loss: 2.013, acc: 0.571
******** [step = 850] loss: 2.016, acc: 0.571
EPOCH = 59 loss: 2.016, acc: 0.571, val_loss: 2.461, val_acc: 0.543

================================================================================2025-08_13 01:56:09
******** [step = 50] loss: 1.935, acc: 0.578
******** [step = 100] loss: 1.932, acc: 0.580
******** [step = 150] loss: 1.944, acc: 0.579
******** [step = 200] loss: 1.953, acc: 0.578
******** [step = 250] loss: 1.955, acc: 0.577
******** [step = 300] loss: 1.962, acc: 0.577
******** [step = 350] loss: 1.969, acc: 0.575
******** [step = 400] loss: 1.972, acc: 0.575
******** [step = 450] loss: 1.976, acc: 0.575
******** [step = 500] loss: 1.980, acc: 0.575
******** [step = 550] loss: 1.984, acc: 0.574
******** [step = 600] loss: 1.990, acc: 0.574
******** [step = 650] loss: 1.994, acc: 0.573
******** [step = 700] loss: 1.999, acc: 0.573
******** [step = 750] loss: 2.002, acc: 0.573
******** [step = 800] loss: 2.007, acc: 0.572
******** [step = 850] loss: 2.010, acc: 0.572
EPOCH = 60 loss: 2.010, acc: 0.572, val_loss: 2.447, val_acc: 0.547

================================================================================2025-08_13 01:58:17
******** [step = 50] loss: 1.941, acc: 0.581
******** [step = 100] loss: 1.949, acc: 0.579
******** [step = 150] loss: 1.949, acc: 0.579
******** [step = 200] loss: 1.955, acc: 0.578
******** [step = 250] loss: 1.962, acc: 0.577
******** [step = 300] loss: 1.966, acc: 0.577
******** [step = 350] loss: 1.968, acc: 0.576
******** [step = 400] loss: 1.974, acc: 0.576
******** [step = 450] loss: 1.977, acc: 0.576
******** [step = 500] loss: 1.982, acc: 0.575
******** [step = 550] loss: 1.986, acc: 0.574
******** [step = 600] loss: 1.990, acc: 0.574
******** [step = 650] loss: 1.994, acc: 0.573
******** [step = 700] loss: 1.997, acc: 0.573
******** [step = 750] loss: 2.000, acc: 0.573
******** [step = 800] loss: 2.004, acc: 0.573
******** [step = 850] loss: 2.007, acc: 0.572
EPOCH = 61 loss: 2.007, acc: 0.572, val_loss: 2.453, val_acc: 0.546

================================================================================2025-08_13 02:00:19
******** [step = 50] loss: 1.924, acc: 0.581
******** [step = 100] loss: 1.924, acc: 0.581
******** [step = 150] loss: 1.926, acc: 0.581
******** [step = 200] loss: 1.937, acc: 0.580
******** [step = 250] loss: 1.943, acc: 0.579
******** [step = 300] loss: 1.947, acc: 0.578
******** [step = 350] loss: 1.956, acc: 0.577
******** [step = 400] loss: 1.963, acc: 0.576
******** [step = 450] loss: 1.968, acc: 0.576
******** [step = 500] loss: 1.976, acc: 0.575
******** [step = 550] loss: 1.978, acc: 0.575
******** [step = 600] loss: 1.984, acc: 0.575
******** [step = 650] loss: 1.987, acc: 0.574
******** [step = 700] loss: 1.991, acc: 0.574
******** [step = 750] loss: 1.994, acc: 0.574
******** [step = 800] loss: 1.997, acc: 0.574
******** [step = 850] loss: 2.001, acc: 0.574
EPOCH = 62 loss: 2.001, acc: 0.574, val_loss: 2.464, val_acc: 0.546

================================================================================2025-08_13 02:02:24
******** [step = 50] loss: 1.934, acc: 0.578
******** [step = 100] loss: 1.928, acc: 0.581
******** [step = 150] loss: 1.935, acc: 0.580
******** [step = 200] loss: 1.941, acc: 0.580
******** [step = 250] loss: 1.947, acc: 0.579
******** [step = 300] loss: 1.954, acc: 0.578
******** [step = 350] loss: 1.958, acc: 0.578
******** [step = 400] loss: 1.961, acc: 0.577
******** [step = 450] loss: 1.967, acc: 0.577
******** [step = 500] loss: 1.970, acc: 0.577
******** [step = 550] loss: 1.974, acc: 0.576
******** [step = 600] loss: 1.979, acc: 0.576
******** [step = 650] loss: 1.982, acc: 0.575
******** [step = 700] loss: 1.985, acc: 0.575
******** [step = 750] loss: 1.987, acc: 0.575
******** [step = 800] loss: 1.992, acc: 0.575
******** [step = 850] loss: 1.996, acc: 0.574
EPOCH = 63 loss: 1.996, acc: 0.574, val_loss: 2.453, val_acc: 0.546

================================================================================2025-08_13 02:04:25
******** [step = 50] loss: 1.916, acc: 0.582
******** [step = 100] loss: 1.925, acc: 0.581
******** [step = 150] loss: 1.931, acc: 0.580
******** [step = 200] loss: 1.933, acc: 0.580
******** [step = 250] loss: 1.938, acc: 0.580
******** [step = 300] loss: 1.942, acc: 0.579
******** [step = 350] loss: 1.949, acc: 0.578
******** [step = 400] loss: 1.952, acc: 0.578
******** [step = 450] loss: 1.956, acc: 0.578
******** [step = 500] loss: 1.961, acc: 0.578
******** [step = 550] loss: 1.964, acc: 0.577
******** [step = 600] loss: 1.968, acc: 0.577
******** [step = 650] loss: 1.971, acc: 0.577
******** [step = 700] loss: 1.978, acc: 0.576
******** [step = 750] loss: 1.983, acc: 0.576
******** [step = 800] loss: 1.988, acc: 0.575
******** [step = 850] loss: 1.993, acc: 0.575
EPOCH = 64 loss: 1.993, acc: 0.575, val_loss: 2.451, val_acc: 0.547

================================================================================2025-08_13 02:06:26
******** [step = 50] loss: 1.922, acc: 0.584
******** [step = 100] loss: 1.920, acc: 0.584
******** [step = 150] loss: 1.925, acc: 0.583
******** [step = 200] loss: 1.930, acc: 0.582
******** [step = 250] loss: 1.939, acc: 0.581
******** [step = 300] loss: 1.946, acc: 0.580
******** [step = 350] loss: 1.949, acc: 0.580
******** [step = 400] loss: 1.953, acc: 0.580
******** [step = 450] loss: 1.959, acc: 0.579
******** [step = 500] loss: 1.964, acc: 0.579
******** [step = 550] loss: 1.967, acc: 0.579
******** [step = 600] loss: 1.970, acc: 0.578
******** [step = 650] loss: 1.972, acc: 0.578
******** [step = 700] loss: 1.977, acc: 0.578
******** [step = 750] loss: 1.982, acc: 0.577
******** [step = 800] loss: 1.986, acc: 0.577
******** [step = 850] loss: 1.989, acc: 0.577
EPOCH = 65 loss: 1.989, acc: 0.577, val_loss: 2.450, val_acc: 0.550

================================================================================2025-08_13 02:08:28
******** [step = 50] loss: 1.928, acc: 0.583
******** [step = 100] loss: 1.930, acc: 0.583
******** [step = 150] loss: 1.927, acc: 0.583
******** [step = 200] loss: 1.929, acc: 0.584
******** [step = 250] loss: 1.936, acc: 0.583
******** [step = 300] loss: 1.942, acc: 0.582
******** [step = 350] loss: 1.946, acc: 0.582
******** [step = 400] loss: 1.950, acc: 0.581
******** [step = 450] loss: 1.953, acc: 0.581
******** [step = 500] loss: 1.955, acc: 0.581
******** [step = 550] loss: 1.959, acc: 0.580
******** [step = 600] loss: 1.965, acc: 0.580
******** [step = 650] loss: 1.967, acc: 0.580
******** [step = 700] loss: 1.972, acc: 0.579
******** [step = 750] loss: 1.976, acc: 0.579
******** [step = 800] loss: 1.980, acc: 0.579
******** [step = 850] loss: 1.984, acc: 0.579
EPOCH = 66 loss: 1.984, acc: 0.579, val_loss: 2.445, val_acc: 0.552

================================================================================2025-08_13 02:10:29
******** [step = 50] loss: 1.901, acc: 0.590
******** [step = 100] loss: 1.911, acc: 0.588
******** [step = 150] loss: 1.921, acc: 0.587
******** [step = 200] loss: 1.927, acc: 0.586
******** [step = 250] loss: 1.934, acc: 0.585
******** [step = 300] loss: 1.939, acc: 0.584
******** [step = 350] loss: 1.945, acc: 0.583
******** [step = 400] loss: 1.950, acc: 0.582
******** [step = 450] loss: 1.954, acc: 0.582
******** [step = 500] loss: 1.956, acc: 0.581
******** [step = 550] loss: 1.961, acc: 0.581
******** [step = 600] loss: 1.964, acc: 0.581
******** [step = 650] loss: 1.967, acc: 0.580
******** [step = 700] loss: 1.969, acc: 0.580
******** [step = 750] loss: 1.973, acc: 0.580
******** [step = 800] loss: 1.976, acc: 0.580
******** [step = 850] loss: 1.981, acc: 0.579
EPOCH = 67 loss: 1.981, acc: 0.579, val_loss: 2.442, val_acc: 0.552

================================================================================2025-08_13 02:12:30
******** [step = 50] loss: 1.891, acc: 0.591
******** [step = 100] loss: 1.900, acc: 0.589
******** [step = 150] loss: 1.907, acc: 0.588
******** [step = 200] loss: 1.915, acc: 0.588
******** [step = 250] loss: 1.923, acc: 0.587
******** [step = 300] loss: 1.928, acc: 0.586
******** [step = 350] loss: 1.936, acc: 0.585
******** [step = 400] loss: 1.941, acc: 0.585
******** [step = 450] loss: 1.944, acc: 0.584
******** [step = 500] loss: 1.949, acc: 0.584
******** [step = 550] loss: 1.954, acc: 0.583
******** [step = 600] loss: 1.956, acc: 0.583
******** [step = 650] loss: 1.961, acc: 0.582
******** [step = 700] loss: 1.964, acc: 0.582
******** [step = 750] loss: 1.969, acc: 0.581
******** [step = 800] loss: 1.972, acc: 0.581
******** [step = 850] loss: 1.973, acc: 0.581
EPOCH = 68 loss: 1.973, acc: 0.581, val_loss: 2.445, val_acc: 0.552

================================================================================2025-08_13 02:14:30
******** [step = 50] loss: 1.908, acc: 0.586
******** [step = 100] loss: 1.915, acc: 0.586
******** [step = 150] loss: 1.921, acc: 0.586
******** [step = 200] loss: 1.920, acc: 0.586
******** [step = 250] loss: 1.923, acc: 0.586
******** [step = 300] loss: 1.924, acc: 0.586
******** [step = 350] loss: 1.930, acc: 0.585
******** [step = 400] loss: 1.933, acc: 0.585
******** [step = 450] loss: 1.937, acc: 0.584
******** [step = 500] loss: 1.944, acc: 0.583
******** [step = 550] loss: 1.947, acc: 0.583
******** [step = 600] loss: 1.954, acc: 0.582
******** [step = 650] loss: 1.959, acc: 0.582
******** [step = 700] loss: 1.963, acc: 0.581
******** [step = 750] loss: 1.967, acc: 0.581
******** [step = 800] loss: 1.970, acc: 0.581
******** [step = 850] loss: 1.973, acc: 0.580
EPOCH = 69 loss: 1.973, acc: 0.580, val_loss: 2.444, val_acc: 0.552

================================================================================2025-08_13 02:16:31
******** [step = 50] loss: 1.895, acc: 0.588
******** [step = 100] loss: 1.903, acc: 0.587
******** [step = 150] loss: 1.912, acc: 0.587
******** [step = 200] loss: 1.913, acc: 0.587
******** [step = 250] loss: 1.919, acc: 0.586
******** [step = 300] loss: 1.925, acc: 0.585
******** [step = 350] loss: 1.929, acc: 0.585
******** [step = 400] loss: 1.934, acc: 0.584
******** [step = 450] loss: 1.940, acc: 0.584
******** [step = 500] loss: 1.943, acc: 0.583
******** [step = 550] loss: 1.948, acc: 0.583
******** [step = 600] loss: 1.953, acc: 0.583
******** [step = 650] loss: 1.957, acc: 0.582
******** [step = 700] loss: 1.960, acc: 0.582
******** [step = 750] loss: 1.965, acc: 0.582
******** [step = 800] loss: 1.967, acc: 0.581
******** [step = 850] loss: 1.970, acc: 0.581
EPOCH = 70 loss: 1.970, acc: 0.581, val_loss: 2.442, val_acc: 0.553

================================================================================2025-08_13 02:18:32
******** [step = 50] loss: 1.894, acc: 0.588
******** [step = 100] loss: 1.892, acc: 0.589
******** [step = 150] loss: 1.898, acc: 0.589
******** [step = 200] loss: 1.908, acc: 0.587
******** [step = 250] loss: 1.914, acc: 0.586
******** [step = 300] loss: 1.919, acc: 0.586
******** [step = 350] loss: 1.926, acc: 0.585
******** [step = 400] loss: 1.928, acc: 0.585
******** [step = 450] loss: 1.932, acc: 0.584
******** [step = 500] loss: 1.937, acc: 0.584
******** [step = 550] loss: 1.941, acc: 0.583
******** [step = 600] loss: 1.946, acc: 0.583
******** [step = 650] loss: 1.951, acc: 0.583
******** [step = 700] loss: 1.954, acc: 0.583
******** [step = 750] loss: 1.958, acc: 0.582
******** [step = 800] loss: 1.963, acc: 0.582
******** [step = 850] loss: 1.964, acc: 0.582
EPOCH = 71 loss: 1.964, acc: 0.582, val_loss: 2.449, val_acc: 0.553

================================================================================2025-08_13 02:20:37
******** [step = 50] loss: 1.883, acc: 0.592
******** [step = 100] loss: 1.890, acc: 0.591
******** [step = 150] loss: 1.903, acc: 0.589
******** [step = 200] loss: 1.908, acc: 0.588
******** [step = 250] loss: 1.911, acc: 0.588
******** [step = 300] loss: 1.915, acc: 0.587
******** [step = 350] loss: 1.921, acc: 0.586
******** [step = 400] loss: 1.926, acc: 0.586
******** [step = 450] loss: 1.931, acc: 0.585
******** [step = 500] loss: 1.935, acc: 0.585
******** [step = 550] loss: 1.938, acc: 0.584
******** [step = 600] loss: 1.942, acc: 0.584
******** [step = 650] loss: 1.946, acc: 0.584
******** [step = 700] loss: 1.949, acc: 0.583
******** [step = 750] loss: 1.954, acc: 0.583
******** [step = 800] loss: 1.958, acc: 0.583
******** [step = 850] loss: 1.961, acc: 0.583
EPOCH = 72 loss: 1.961, acc: 0.583, val_loss: 2.441, val_acc: 0.553

================================================================================2025-08_13 02:22:38
******** [step = 50] loss: 1.878, acc: 0.596
******** [step = 100] loss: 1.884, acc: 0.592
******** [step = 150] loss: 1.892, acc: 0.591
******** [step = 200] loss: 1.896, acc: 0.590
******** [step = 250] loss: 1.906, acc: 0.588
******** [step = 300] loss: 1.915, acc: 0.587
******** [step = 350] loss: 1.918, acc: 0.587
******** [step = 400] loss: 1.923, acc: 0.586
******** [step = 450] loss: 1.929, acc: 0.586
******** [step = 500] loss: 1.934, acc: 0.585
******** [step = 550] loss: 1.937, acc: 0.585
******** [step = 600] loss: 1.942, acc: 0.585
******** [step = 650] loss: 1.945, acc: 0.584
******** [step = 700] loss: 1.948, acc: 0.584
******** [step = 750] loss: 1.952, acc: 0.584
******** [step = 800] loss: 1.956, acc: 0.584
******** [step = 850] loss: 1.957, acc: 0.584
EPOCH = 73 loss: 1.957, acc: 0.584, val_loss: 2.441, val_acc: 0.555

================================================================================2025-08_13 02:24:51
******** [step = 50] loss: 1.878, acc: 0.592
******** [step = 100] loss: 1.898, acc: 0.590
******** [step = 150] loss: 1.901, acc: 0.589
******** [step = 200] loss: 1.900, acc: 0.590
******** [step = 250] loss: 1.907, acc: 0.588
******** [step = 300] loss: 1.913, acc: 0.588
******** [step = 350] loss: 1.917, acc: 0.588
******** [step = 400] loss: 1.920, acc: 0.588
******** [step = 450] loss: 1.924, acc: 0.587
******** [step = 500] loss: 1.929, acc: 0.586
******** [step = 550] loss: 1.933, acc: 0.586
******** [step = 600] loss: 1.939, acc: 0.585
******** [step = 650] loss: 1.942, acc: 0.585
******** [step = 700] loss: 1.946, acc: 0.585
******** [step = 750] loss: 1.950, acc: 0.585
******** [step = 800] loss: 1.953, acc: 0.584
******** [step = 850] loss: 1.958, acc: 0.584
EPOCH = 74 loss: 1.958, acc: 0.584, val_loss: 2.435, val_acc: 0.554

================================================================================2025-08_13 02:26:55
******** [step = 50] loss: 1.861, acc: 0.593
******** [step = 100] loss: 1.891, acc: 0.589
******** [step = 150] loss: 1.894, acc: 0.589
******** [step = 200] loss: 1.897, acc: 0.589
******** [step = 250] loss: 1.904, acc: 0.589
******** [step = 300] loss: 1.906, acc: 0.589
******** [step = 350] loss: 1.910, acc: 0.588
******** [step = 400] loss: 1.917, acc: 0.588
******** [step = 450] loss: 1.922, acc: 0.587
******** [step = 500] loss: 1.927, acc: 0.587
******** [step = 550] loss: 1.931, acc: 0.587
******** [step = 600] loss: 1.934, acc: 0.587
******** [step = 650] loss: 1.938, acc: 0.586
******** [step = 700] loss: 1.943, acc: 0.586
******** [step = 750] loss: 1.947, acc: 0.585
******** [step = 800] loss: 1.951, acc: 0.585
******** [step = 850] loss: 1.954, acc: 0.585
EPOCH = 75 loss: 1.954, acc: 0.585, val_loss: 2.437, val_acc: 0.555

================================================================================2025-08_13 02:28:55
******** [step = 50] loss: 1.881, acc: 0.592
******** [step = 100] loss: 1.883, acc: 0.593
******** [step = 150] loss: 1.900, acc: 0.590
******** [step = 200] loss: 1.907, acc: 0.589
******** [step = 250] loss: 1.909, acc: 0.589
******** [step = 300] loss: 1.910, acc: 0.589
******** [step = 350] loss: 1.914, acc: 0.588
******** [step = 400] loss: 1.918, acc: 0.588
******** [step = 450] loss: 1.923, acc: 0.587
******** [step = 500] loss: 1.927, acc: 0.587
******** [step = 550] loss: 1.930, acc: 0.586
******** [step = 600] loss: 1.934, acc: 0.586
******** [step = 650] loss: 1.938, acc: 0.586
******** [step = 700] loss: 1.942, acc: 0.585
******** [step = 750] loss: 1.946, acc: 0.585
******** [step = 800] loss: 1.949, acc: 0.585
******** [step = 850] loss: 1.953, acc: 0.584
EPOCH = 76 loss: 1.953, acc: 0.584, val_loss: 2.438, val_acc: 0.554

================================================================================2025-08_13 02:30:56
******** [step = 50] loss: 1.882, acc: 0.592
******** [step = 100] loss: 1.879, acc: 0.593
******** [step = 150] loss: 1.888, acc: 0.592
******** [step = 200] loss: 1.893, acc: 0.592
******** [step = 250] loss: 1.895, acc: 0.591
******** [step = 300] loss: 1.901, acc: 0.590
******** [step = 350] loss: 1.908, acc: 0.589
******** [step = 400] loss: 1.912, acc: 0.589
******** [step = 450] loss: 1.918, acc: 0.588
******** [step = 500] loss: 1.925, acc: 0.587
******** [step = 550] loss: 1.929, acc: 0.587
******** [step = 600] loss: 1.933, acc: 0.586
******** [step = 650] loss: 1.936, acc: 0.586
******** [step = 700] loss: 1.939, acc: 0.586
******** [step = 750] loss: 1.943, acc: 0.585
******** [step = 800] loss: 1.946, acc: 0.585
******** [step = 850] loss: 1.948, acc: 0.585
EPOCH = 77 loss: 1.948, acc: 0.585, val_loss: 2.445, val_acc: 0.554

================================================================================2025-08_13 02:32:57
******** [step = 50] loss: 1.871, acc: 0.595
******** [step = 100] loss: 1.880, acc: 0.593
******** [step = 150] loss: 1.888, acc: 0.591
******** [step = 200] loss: 1.890, acc: 0.591
******** [step = 250] loss: 1.895, acc: 0.591
******** [step = 300] loss: 1.903, acc: 0.590
******** [step = 350] loss: 1.907, acc: 0.589
******** [step = 400] loss: 1.912, acc: 0.589
******** [step = 450] loss: 1.917, acc: 0.589
******** [step = 500] loss: 1.921, acc: 0.588
******** [step = 550] loss: 1.925, acc: 0.588
******** [step = 600] loss: 1.928, acc: 0.587
******** [step = 650] loss: 1.932, acc: 0.587
******** [step = 700] loss: 1.935, acc: 0.587
******** [step = 750] loss: 1.939, acc: 0.586
******** [step = 800] loss: 1.942, acc: 0.586
******** [step = 850] loss: 1.946, acc: 0.586
EPOCH = 78 loss: 1.946, acc: 0.586, val_loss: 2.434, val_acc: 0.555

================================================================================2025-08_13 02:34:59
******** [step = 50] loss: 1.870, acc: 0.594
******** [step = 100] loss: 1.878, acc: 0.594
******** [step = 150] loss: 1.886, acc: 0.592
******** [step = 200] loss: 1.893, acc: 0.592
******** [step = 250] loss: 1.895, acc: 0.591
******** [step = 300] loss: 1.900, acc: 0.591
******** [step = 350] loss: 1.903, acc: 0.590
******** [step = 400] loss: 1.907, acc: 0.590
******** [step = 450] loss: 1.910, acc: 0.590
******** [step = 500] loss: 1.913, acc: 0.589
******** [step = 550] loss: 1.919, acc: 0.589
******** [step = 600] loss: 1.924, acc: 0.588
******** [step = 650] loss: 1.928, acc: 0.588
******** [step = 700] loss: 1.930, acc: 0.588
******** [step = 750] loss: 1.934, acc: 0.587
******** [step = 800] loss: 1.938, acc: 0.587
******** [step = 850] loss: 1.942, acc: 0.587
EPOCH = 79 loss: 1.942, acc: 0.587, val_loss: 2.432, val_acc: 0.554

================================================================================2025-08_13 02:37:01
******** [step = 50] loss: 1.874, acc: 0.592
******** [step = 100] loss: 1.874, acc: 0.592
******** [step = 150] loss: 1.876, acc: 0.592
******** [step = 200] loss: 1.882, acc: 0.591
******** [step = 250] loss: 1.885, acc: 0.591
******** [step = 300] loss: 1.893, acc: 0.590
******** [step = 350] loss: 1.897, acc: 0.590
******** [step = 400] loss: 1.901, acc: 0.589
******** [step = 450] loss: 1.907, acc: 0.589
******** [step = 500] loss: 1.911, acc: 0.588
******** [step = 550] loss: 1.916, acc: 0.588
******** [step = 600] loss: 1.921, acc: 0.588
******** [step = 650] loss: 1.926, acc: 0.587
******** [step = 700] loss: 1.929, acc: 0.587
******** [step = 750] loss: 1.933, acc: 0.587
******** [step = 800] loss: 1.935, acc: 0.587
******** [step = 850] loss: 1.941, acc: 0.586
EPOCH = 80 loss: 1.941, acc: 0.586, val_loss: 2.434, val_acc: 0.556

================================================================================2025-08_13 02:39:02
finishing training...
Training complete in 164m 10s
    epoch  ...   val_acc
0     1.0  ...  0.358702
1     2.0  ...  0.401472
2     3.0  ...  0.422991
3     4.0  ...  0.431769
4     5.0  ...  0.429595
..    ...  ...       ...
75   76.0  ...  0.553558
76   77.0  ...  0.554064
77   78.0  ...  0.554893
78   79.0  ...  0.553758
79   80.0  ...  0.555941

[80 rows x 5 columns]
== Done ==
Wed Aug 13 02:39:23 AM EDT 2025
---------------------------------------
Begin Slurm Epilog: Aug-13-2025 02:39:24
Job ID:        6985456
User ID:       xchen920
Account:       gts-apm7
Job name:      channel_trans
Resources:     cpu=4,gres/gpu:v100=1,mem=16G,node=1
Rsrc Used:     cput=11:01:48,vmem=0,walltime=02:45:27,mem=34952K,energy_used=0
Partition:     gpu-v100
QOS:           inferno
Nodes:         atl1-1-02-008-32-0
---------------------------------------
