---------------------------------------
Begin Slurm Prolog: Aug-10-2025 17:30:48
Job ID:    6783668
User ID:   xchen920
Account:   gts-apm7
Job name:  channel_trans
Partition: gpu-v100
QOS:       inferno
---------------------------------------
== Job info ==
Sun Aug 10 05:30:48 PM EDT 2025
atl1-1-01-003-33-0.pace.gatech.edu
== GPU check ==
Sun Aug 10 17:30:56 2025       
+-----------------------------------------------------------------------------------------+
| NVIDIA-SMI 575.57.08              Driver Version: 575.57.08      CUDA Version: 12.9     |
|-----------------------------------------+------------------------+----------------------+
| GPU  Name                 Persistence-M | Bus-Id          Disp.A | Volatile Uncorr. ECC |
| Fan  Temp   Perf          Pwr:Usage/Cap |           Memory-Usage | GPU-Util  Compute M. |
|                                         |                        |               MIG M. |
|=========================================+========================+======================|
|   0  Tesla V100-PCIE-16GB           On  |   00000000:AF:00.0 Off |                    0 |
| N/A   35C    P0             28W /  250W |       0MiB /  16384MiB |      0%      Default |
|                                         |                        |                  N/A |
+-----------------------------------------+------------------------+----------------------+
                                                                                         
+-----------------------------------------------------------------------------------------+
| Processes:                                                                              |
|  GPU   GI   CI              PID   Type   Process name                        GPU Memory |
|        ID   ID                                                               Usage      |
|=========================================================================================|
|  No running processes found                                                             |
+-----------------------------------------------------------------------------------------+
== Launch ==
/storage/scratch1/4/xchen920/project
0.10.0
device= cuda:0
  0%|          | 0/135842 [00:00<?, ?it/s] 12%|█▏        | 16833/135842 [00:00<00:01, 107334.85it/s] 28%|██▊       | 38442/135842 [00:00<00:00, 159174.24it/s] 41%|████      | 55573/135842 [00:00<00:00, 120815.15it/s] 51%|█████     | 69380/135842 [00:00<00:00, 94605.15it/s]  66%|██████▌   | 89317/135842 [00:00<00:00, 120034.42it/s] 79%|███████▉  | 107138/135842 [00:01<00:00, 90555.20it/s] 92%|█████████▏| 125400/135842 [00:01<00:00, 108771.40it/s]100%|██████████| 135842/135842 [00:01<00:00, 112029.32it/s]
  0%|          | 0/108673 [00:00<?, ?it/s] 16%|█▌        | 17403/108673 [00:00<00:01, 47362.78it/s] 33%|███▎      | 35643/108673 [00:00<00:00, 85165.38it/s] 50%|████▉     | 53838/108673 [00:00<00:00, 112812.18it/s] 66%|██████▋   | 72048/108673 [00:00<00:00, 132891.20it/s] 81%|████████▏ | 88435/108673 [00:01<00:00, 71195.64it/s]  98%|█████████▊| 106521/108673 [00:01<00:00, 90210.86it/s]100%|██████████| 108673/108673 [00:01<00:00, 89152.17it/s]
  0%|          | 0/27169 [00:00<?, ?it/s] 66%|██████▌   | 17866/27169 [00:00<00:00, 178651.65it/s]100%|██████████| 27169/27169 [00:00<00:00, 180308.05it/s]
tensor([   3,   22,  325,   25, 1321, 4095,   48,   21,    6,    9,  107,   26,
        1270,    6,  103,   52,  105,    7, 2636, 4967,    4,    2,    1,    1,
           1,    1,    1,    1,    1,    1,    1,    1,    1,    1,    1,    1,
           1,    1,    1,    1,    1,    1,    1,    1,    1,    1,    1,    1,
           1,    1,    1,    1])
torch.Size([52, 128]) torch.Size([52, 128])
++++++++++++++++ 213
len(train_dataloader): 850
torch.Size([128, 52]) torch.Size([128, 52])
tensor([   3,   19,  151, 1078,    7,   18,  546,  123,   19,   23,  558,   26,
         947,   65,    5,   15,   18,   23,    9,   57,    4,    2,    1,    1,
           1,    1,    1,    1,    1,    1,    1,    1,    1,    1,    1,    1,
           1,    1,    1,    1,    1,    1,    1,    1,    1,    1,    1,    1,
           1,    1,    1,    1]) torch.int64
tensor([   3,    5,   27, 1279,    7,  207,   45,  111,  620,   28,  223,   56,
          70,   11,    4,    2,    1,    1,    1,    1,    1,    1,    1,    1,
           1,    1,    1,    1,    1,    1,    1,    1,    1,    1,    1,    1,
           1,    1,    1,    1,    1,    1,    1,    1,    1,    1,    1,    1,
           1,    1,    1,    1]) torch.int64
checkpoint: project2_model.pt
Loading model ...
Model loaded ...
real target: 	i m taking a couple of days off .
pred_sentence: <start> i m going to stay for a few days .
input: je pars en vacances pour quelques jours .
target: i m taking a couple of days off .
pred: <start> i d like to drink some tea without sugar .

input: je ne me panique pas .
target: i m not panicking .
pred: <start> i m not following up .

input: je recherche un assistant .
target: i am looking for an assistant .
pred: <start> i m looking for a room .

input: je suis loin de chez moi .
target: i m a long way from home .
pred: <start> i went to boston by car .

input: vous etes en retard .
target: you re very late .
pred: <start> you re early .

input: j ai soif .
target: i am thirsty .
pred: <start> i m hungry .

input: je suis fou de vous .
target: i m crazy about you .
pred: <start> i m your friend .

input: vous etes vilain .
target: you are naughty .
pred: <start> you re brave .

input: il est vieux et laid .
target: he s old and ugly .
pred: <start> he s in love with her .

input: je suis terrifiee .
target: i m terrified .
pred: <start> i m a teacher .

input: y a t il un probleme ?
target: is there a problem ?
pred: <start> is this something wrong ?

input: les serviettes propres sont dans le tiroir .
target: the clean towels are in the drawer .
pred: <start> the water flooded the streets .

input: je pars en vacances pour quelques jours .
target: i m taking a couple of days off .
attention_weights: dict_keys(['decoder_layer1_block1', 'decoder_layer1_block2', 'decoder_layer2_block1', 'decoder_layer2_block2', 'decoder_layer3_block1', 'decoder_layer3_block2', 'decoder_layer4_block1', 'decoder_layer4_block2', 'decoder_layer5_block1', 'decoder_layer5_block2', 'decoder_layer6_block1', 'decoder_layer6_block2'])
pred: <start> i d like to stay a few more days .

[Corpus BLEU-4] 9.39
src: je pars en vacances pour quelques jours .
ref: i m taking a couple of days off .
BLEU-4: 16.78

src: je ne me panique pas .
ref: i m not panicking .
BLEU-4: 24.45

src: je recherche un assistant .
ref: i am looking for an assistant .
BLEU-4: 20.69

src: je suis loin de chez moi .
ref: i m a long way from home .
BLEU-4: 17.52

src: vous etes en retard .
ref: you re very late .
BLEU-4: 39.57

src: j ai soif .
ref: i am thirsty .
BLEU-4: 35.93

src: je suis fou de vous .
ref: i m crazy about you .
BLEU-4: 19.96

src: vous etes vilain .
ref: you are naughty .
BLEU-4: 39.76

src: il est vieux et laid .
ref: he s old and ugly .
BLEU-4: 31.24

src: je suis terrifiee .
ref: i m terrified .
BLEU-4: 38.61

== Done ==
Sun Aug 10 05:33:58 PM EDT 2025
---------------------------------------
Begin Slurm Epilog: Aug-10-2025 17:34:00
Job ID:        6783668
User ID:       xchen920
Account:       gts-apm7
Job name:      channel_trans
Resources:     cpu=4,gres/gpu:v100=1,mem=16G,node=1
Rsrc Used:     cput=00:12:44,vmem=0,walltime=00:03:11,mem=35140K,energy_used=0
Partition:     gpu-v100
QOS:           inferno
Nodes:         atl1-1-01-003-33-0
---------------------------------------
