---------------------------------------
Begin Slurm Prolog: Aug-09-2025 12:25:44
Job ID:    6734931
User ID:   xchen920
Account:   gts-apm7
Job name:  channel_trans
Partition: gpu-v100
QOS:       inferno
---------------------------------------
== Job info ==
Sat Aug  9 12:25:44 PM EDT 2025
atl1-1-01-003-35-0.pace.gatech.edu
/usr/local/pace-apps/lmod/lmod/init/bash: line 200: conda: command not found
== GPU check ==
Sat Aug  9 12:25:52 2025       
+-----------------------------------------------------------------------------------------+
| NVIDIA-SMI 575.57.08              Driver Version: 575.57.08      CUDA Version: 12.9     |
|-----------------------------------------+------------------------+----------------------+
| GPU  Name                 Persistence-M | Bus-Id          Disp.A | Volatile Uncorr. ECC |
| Fan  Temp   Perf          Pwr:Usage/Cap |           Memory-Usage | GPU-Util  Compute M. |
|                                         |                        |               MIG M. |
|=========================================+========================+======================|
|   0  Tesla V100-PCIE-16GB           On  |   00000000:AF:00.0 Off |                    0 |
| N/A   43C    P0             26W /  250W |       0MiB /  16384MiB |      0%      Default |
|                                         |                        |                  N/A |
+-----------------------------------------+------------------------+----------------------+
                                                                                         
+-----------------------------------------------------------------------------------------+
| Processes:                                                                              |
|  GPU   GI   CI              PID   Type   Process name                        GPU Memory |
|        ID   ID                                                               Usage      |
|=========================================================================================|
|  No running processes found                                                             |
+-----------------------------------------------------------------------------------------+
== Launch ==
Traceback (most recent call last):
  File "/storage/scratch1/4/xchen920/project/train_validate.py", line 7, in <module>
    import transformer_torch as trto
  File "/storage/scratch1/4/xchen920/project/transformer_torch.py", line 3, in <module>
    from torchtext.legacy import data, datasets  
ModuleNotFoundError: No module named 'torchtext.legacy'
srun: error: atl1-1-01-003-35-0: task 0: Exited with exit code 1
---------------------------------------
Begin Slurm Epilog: Aug-09-2025 12:26:16
Job ID:        6734931
User ID:       xchen920
Account:       gts-apm7
Job name:      channel_trans
Resources:     cpu=4,gres/gpu:v100=1,mem=16G,node=1
Rsrc Used:     cput=00:02:08,vmem=0,walltime=00:00:32,mem=37176K,energy_used=0
Partition:     gpu-v100
QOS:           inferno
Nodes:         atl1-1-01-003-35-0
---------------------------------------
