---------------------------------------
Begin Slurm Prolog: Aug-09-2025 23:20:21
Job ID:    6778250
User ID:   xchen920
Account:   gts-apm7
Job name:  channel_trans
Partition: gpu-v100
QOS:       inferno
---------------------------------------
== Job info ==
Sat Aug  9 11:20:21 PM EDT 2025
atl1-1-02-007-31-0.pace.gatech.edu
/usr/local/pace-apps/lmod/lmod/init/bash: line 200: conda: command not found
== GPU check ==
Sat Aug  9 23:20:29 2025       
+-----------------------------------------------------------------------------------------+
| NVIDIA-SMI 575.57.08              Driver Version: 575.57.08      CUDA Version: 12.9     |
|-----------------------------------------+------------------------+----------------------+
| GPU  Name                 Persistence-M | Bus-Id          Disp.A | Volatile Uncorr. ECC |
| Fan  Temp   Perf          Pwr:Usage/Cap |           Memory-Usage | GPU-Util  Compute M. |
|                                         |                        |               MIG M. |
|=========================================+========================+======================|
|   0  Tesla V100-PCIE-16GB           On  |   00000000:3B:00.0 Off |                    0 |
| N/A   45C    P0             25W /  250W |       0MiB /  16384MiB |      0%      Default |
|                                         |                        |                  N/A |
+-----------------------------------------+------------------------+----------------------+
                                                                                         
+-----------------------------------------------------------------------------------------+
| Processes:                                                                              |
|  GPU   GI   CI              PID   Type   Process name                        GPU Memory |
|        ID   ID                                                               Usage      |
|=========================================================================================|
|  No running processes found                                                             |
+-----------------------------------------------------------------------------------------+
== Launch ==
/storage/scratch1/4/xchen920/project
0.10.0
device= cuda:0
  0%|          | 0/135842 [00:00<?, ?it/s] 12%|█▏        | 16833/135842 [00:00<00:01, 107648.91it/s] 28%|██▊       | 38277/135842 [00:00<00:00, 158628.44it/s] 41%|████      | 55323/135842 [00:00<00:00, 120340.75it/s] 51%|█████     | 69380/135842 [00:00<00:00, 94329.80it/s]  66%|██████▌   | 89224/135842 [00:00<00:00, 119495.52it/s] 79%|███████▉  | 107138/135842 [00:01<00:00, 90094.60it/s] 92%|█████████▏| 125366/135842 [00:01<00:00, 108238.94it/s]100%|██████████| 135842/135842 [00:01<00:00, 111586.95it/s]
  0%|          | 0/108673 [00:00<?, ?it/s] 16%|█▌        | 17403/108673 [00:00<00:01, 46903.89it/s] 33%|███▎      | 35570/108673 [00:00<00:00, 84366.25it/s] 49%|████▉     | 53595/108673 [00:00<00:00, 111614.39it/s] 66%|██████▌   | 71691/108673 [00:00<00:00, 131536.70it/s] 81%|████████  | 87946/108673 [00:01<00:00, 70243.41it/s]  97%|█████████▋| 105895/108673 [00:01<00:00, 89078.86it/s]100%|██████████| 108673/108673 [00:01<00:00, 88386.60it/s]
  0%|          | 0/27169 [00:00<?, ?it/s] 65%|██████▌   | 17788/27169 [00:00<00:00, 177867.02it/s]100%|██████████| 27169/27169 [00:00<00:00, 179779.23it/s]
tensor([   3,    5,   21,  114,    9,    6,  223,   13,   17,   15,  238,    9,
          54,  284, 3055,    6, 2500,   26,  289, 2622,    4,    2,    1,    1,
           1,    1,    1,    1,    1,    1,    1,    1,    1,    1,    1,    1,
           1,    1,    1,    1,    1,    1,    1,    1,    1,    1,    1,    1,
           1,    1,    1,    1])
torch.Size([52, 128]) torch.Size([52, 128])
++++++++++++++++ 213
len(train_dataloader): 850
torch.Size([128, 52]) torch.Size([128, 52])
tensor([   3,   19,   25,   23,  268,  119,    4,  201,  304,   91, 1395,   25,
        6222,  522,  253, 3053,   34,   11,   44,    8,    2,    1,    1,    1,
           1,    1,    1,    1,    1,    1,    1,    1,    1,    1,    1,    1,
           1,    1,    1,    1,    1,    1,    1,    1,    1,    1,    1,    1,
           1,    1,    1,    1]) torch.int64
tensor([   3,    5,   63,  252,   54,   13,    4,   32,  332, 1908,  680,   68,
          40,  231, 2087,   70,   11,   42,    9,    2,    1,    1,    1,    1,
           1,    1,    1,    1,    1,    1,    1,    1,    1,    1,    1,    1,
           1,    1,    1,    1,    1,    1,    1,    1,    1,    1,    1,    1,
           1,    1,    1,    1]) torch.int64
checkpoint: project2_model.pt
Loading model ...
Model loaded ...
real target: 	i m taking a couple of days off .
pred_sentence: <start> i m taking a couple of days off .
input: je pars en vacances pour quelques jours .
target: i m taking a couple of days off .
pred: <start> i m taking a couple of days off .

input: je ne me panique pas .
target: i m not panicking .
pred: <start> i m not panicking .

input: je recherche un assistant .
target: i am looking for an assistant .
pred: <start> i am looking for an assistant .

input: je suis loin de chez moi .
target: i m a long way from home .
pred: <start> i m from home .

input: vous etes en retard .
target: you re very late .
pred: <start> you re late .

input: j ai soif .
target: i am thirsty .
pred: <start> i m thirsty .

input: je suis fou de vous .
target: i m crazy about you .
pred: <start> i m crazy about you .

input: vous etes vilain .
target: you are naughty .
pred: <start> you re bad .

input: il est vieux et laid .
target: he s old and ugly .
pred: <start> he is old and ugly .

input: je suis terrifiee .
target: i m terrified .
pred: <start> i m terrified .

input: il y a beaucoup de livres dans sa chambre .
target: there are a lot of books in his room .
pred: <start> there are a lot of books in his room .

input: tu ne peux pas boire l eau de mer car elle est trop salee .
target: you can t drink seawater because it is too salty .
pred: <start> you can t drink the sea because it is too salty .

input: je pars en vacances pour quelques jours .
target: i m taking a couple of days off .
attention_weights: dict_keys(['decoder_layer1_block1', 'decoder_layer1_block2', 'decoder_layer2_block1', 'decoder_layer2_block2', 'decoder_layer3_block1', 'decoder_layer3_block2', 'decoder_layer4_block1', 'decoder_layer4_block2', 'decoder_layer5_block1', 'decoder_layer5_block2', 'decoder_layer6_block1', 'decoder_layer6_block2'])
pred: <start> i m taking a couple of days off .

[Corpus BLEU-4] 72.98
src: je pars en vacances pour quelques jours .
ref: i m taking a couple of days off .
BLEU-4: 100.00

src: je ne me panique pas .
ref: i m not panicking .
BLEU-4: 100.00

src: je recherche un assistant .
ref: i am looking for an assistant .
BLEU-4: 100.00

src: je suis loin de chez moi .
ref: i m a long way from home .
BLEU-4: 33.16

src: vous etes en retard .
ref: you re very late .
BLEU-4: 46.31

src: j ai soif .
ref: i am thirsty .
BLEU-4: 50.81

src: je suis fou de vous .
ref: i m crazy about you .
BLEU-4: 100.00

src: vous etes vilain .
ref: you are naughty .
BLEU-4: 39.76

src: il est vieux et laid .
ref: he s old and ugly .
BLEU-4: 64.35

src: je suis terrifiee .
ref: i m terrified .
BLEU-4: 100.00

== Done ==
Sat Aug  9 11:21:26 PM EDT 2025
---------------------------------------
Begin Slurm Epilog: Aug-09-2025 23:21:26
Job ID:        6778250
User ID:       xchen920
Account:       gts-apm7
Job name:      channel_trans
Resources:     cpu=4,gres/gpu:v100=1,mem=16G,node=1
Rsrc Used:     cput=00:04:20,vmem=0,walltime=00:01:05,mem=36484K,energy_used=0
Partition:     gpu-v100
QOS:           inferno
Nodes:         atl1-1-02-007-31-0
---------------------------------------
